

 record_num 

  102701227
  102701229
  102701231
  102701234
  102701387
  102701396
  102701474
  102701636
  102701660
  102701663
  102701669
  102701675
  102701679
  102701682
  102701685
  102701688
  102701690
  102701694
  102701696
  102701699
  102701705
  102701710
  102701711
  102701714
  102701715
  102701722
  102701723
  102701724
  102701727
  102701731
  102701740
  102701746
  102701750
  102701757
  102701809
  102701815
  102701836
  102701859
  102701863
  102701867
  102701887
  102701929
  102701933
  102701936
  102701945
  102701966
  102701989
  102702155
  102702159
  102702160
  102702163
  102702164
  102702169
  102702171
  102702172
  102702182
  102702183
  102702186
  102702187
  102702188
  102702193
  102702195
  102702196
  102702197
  102702199
  102702200
  102702207
  102702210
  102702214
  102702219
  102702220
  102702221
  102702402
  102702489
  102702545
  102702561
  102702623
  102702626
  102702628
  102702641
  102702667
  102702707
  102702709
  102702711
  102702715
  102702717
  102702722
  102702723
  102702725
  102702726
  102702740
  102702747
  102702748
  102702755
  102702806
  102702807
  102702808
  102702812
  102702814
  102702816
  102702817
  102702819
  102702820
  102702831
  102702833
  102702836
  102702839
  102702843
  102702847
  102702848
  102702900
  102702918
  102702921
  102702929
  102702960
  102702963
  102702973
  102702998
  102703034
  102703076
  102703103
  102703105
  102703107
  102703109
  102703111
  102703113
  102703120
  102703122
  102703136
  102703180
  102703190
  102703197
  102703204
  102703218
  102703235
  102703251
  102703319
  102703322
  102703342
  102703346
  102703362
  102703363
  102703374
  102703375
  102703378
  102703380
  102703389
  102703392
  102703393
  102703402
  102703403
  102703414
  102703428
  102703429
  102703449
  102703460
  102703467
  102703471
  102703476
  102703646
  102703669
  102703682
  102703689
  102703694
  102703701
  102703706
  102703898
  102703903
  102703915
  102703921
  102703997
  102703998
  102704004
  102704006
  102704014
  102704021
  102704210
  102704216
  102704239
  102704242
  102704253
  102704256
  102704281
  102704321
  102704334
  102704354
  102704515
  102704549
  102704556
  102704558
  102704688
  102704745
  102704749
  102704752
  102704753
  102704754
  102704757
  102704767
  102704772
  102704773
  102704777
  102704779
  102704785
  102704788
  102704797
  102704803
  102704805
  102704808
  102704817
  102704822
  102704844
  102704846
  102704848
  102704851
  102704857
  102704983
  102704988
  102704995
  102705056
  102705060
  102705083
  102705089
  102705113
  102705122
  102705124
  102705193
  102705195
  102705197
  102705201
  102705202
  102705208
  102705210
  102705213
  102705216
  102705218
  102705220
  102705221
  102705222
  102705340
  102705345
  102705357
  102705386
  102705443
  102705461
  102705545
  102705548
  102705554
  102705559
  102705560
  102705565
  102705577
  102705579
  102705595
  102705598
  102705599
  102705601
  102705603
  102705605
  102705607
  102705615
  102705618
  102705621
  102705624
  102705629
  102705630
  102705639
  102705647
  102705648
  102705649
  102705726
  102705729
  102705740
  102705799
  102705813
  102705815
  102705827
  102705876
  102705882
  102705885
  102706061
  102706067
  102706078
  102706080
  102706081
  102706086
  102706088
  102706090
  102706100
  102706102
  102706107
  102706116
  102706120
  102706122
  102706126
  102706128
  102706135
  102706136
  102706137
  102706140
  102706142
  102706146
  102706147
  102706149
  102706155
  102706167
  102706235
  102706253
  102706263
  102706266
  102706334
  102706366
  102706367
  102706395
  102706397
  102706402
  102706404
  102706407
  102706409
  102706411
  102706413
  102706524
  102706576
  102706598
  102706614
  102706628
  102706637
  102706651
  102706662
  102706682
  102706903
  102707034
  102707053
  102707083
  102707106
  102707213
  102707228
  102707242
  102707243
  102707261
  102707266
  102707271
  102707287
  102707299
  102707427
  102707518
  102707584
  102707588
  102707590
  102707594
  102707768
  102707770
  102707799
  102707813
  102707945
  102708549
  102708624
  102708654
  102708667
  102708722
  102708750
  102708763
  102708768
  102708788
  102708800
  102708810
  102708840
  102708851
  102708859
  102708861
  102708862
  102708867
  102708872
  102708881
  102708889
  102708909
  102708957
  102709004
  102709011
  102709029
  102709037
  102709038
  102709045
  102709121
  102709145
  102709148
  102709153
  102709165
  102709304
  102709344
  102709346
  102709350
  102709398
  102709402
  102709406
  102709408
  102709487
  102710016
  102710017
  102710018
  102710021
  102710034
  102710042
  102710046
  102710047
  102710058
  102710061
  102710062
  102710072
  102710089
  102710134
  102710138
  102710157
  102710169
  102710181
  102710203
  102710207
  102710208
  102710213
  102710249
  102710257
  102710262
  102710268
  102710283
  102710293
  102710308
  102710321
  102710323
  102710335
  102710343
  102710344
  102710349
  102710366
  102710393
  102710403
  102710419
  102710426
  102710448
  102710456
  102710470
  102710481
  102710487
  102710496
  102710508
  102710524
  102710547
  102710556
  102710586
  102710620
  102710636
  102710654
  102710702
  102710710
  102710712
  102710713
  102710741
  102710753
  102710790
  102710801
  102710814
  102710815
  102710819
  102710840
  102710875
  102710910
  102710925
  102710979
  102710982
  102710988
  102710990
  102711023
  102711364
  102711393
  102711506
  102711514
  102711532
  102711686
  102711690
  102711691
  102711697
  102711718
  102711719
  102711722
  102711725
  102711758
  102711762
  102711776
  102711801
  102711852
  102711859
  102711869
  102711870
  102711873
  102711886
  102711888
  102711896
  102711915
  102711920
  102711925
  102712002
  102712004
  102712022
  102712025
  102712116
  102712137
  102712139
  102712146
  102712225
  102712228
  102712247
  102712249
  102712265
  102712274
  102712355
  102712356
  102712469
  102712470
  102712872
  102712873
  102712907
  102712908
  102712918
  102712919
  102712921
  102712922
  102712988
  102712989
  102712992
  102712994
  102712995
  102713069
  102713070
  102793174
  102793431
  102793439
  102793500
  102793510
  102793514
  102793515
  102793523
  102793528
  102793535
  102793538
  102793541
  102793545
  102793547
  102793556
  102793562
  102793582
  102793592
  102793598
  102793612
  102793723
  102793749
  102793781
  102793784
  102793789
  102793793
  102793801
  102793802
  102793819
  102793821
  102793881
  102793887
  102793901
  102793922
  102793929
  102793935
  102793945
  102793952
  102793963
  102793970
  102793974
  102793987
  102794002
  102794004
  102794007
  102794018
  102794020
  102794030
  102794047
  102794057
  102794106
  102794137
  102794143
  102794190
  102794217
  102794219
  102794225
  102794312
  102794318
  102794319
  102794320
  102794328
  102794331
  102794333
  102794334
  102794336
  102794348
  102794354
  102794356
  102794357
  102794358
  102794359
  102794362
  102794367
  102794374
  102794375
  102794382
  102794388
  102794390
  102794396
  102794409
  102794410
  102794411
  102794414
  102794418
  102794448
  102794503
  102794509
  102794515
  102794527
  102794534
  102794535
  102794548
  102794557
  102794559
  102794570
  102794586
  102794617
  102794623
  102794629
  102794637
  102794644
  102794668
  102794672
  102794677
  102794811
  102794821
  102794831
  102794848
  102794857
  102794876
  102794958
  102794959
  102795013
  102795015
  102795020
  102795109
  102795112
  102795113
  102795115
  102795117
  102795119
  102795121
  102795127
  102795128
  102795134
  102795135
  102795137
  102795138
  102795139
  102795157
  102795162
  102795164
  102795166
  102795176
  102795213
  102795223
  102795241
  102795266
  102795307
  102795315
  102795316
  102795369
  102795370
  102795371
  102795403
  102795519
  102795522
  102795524
  102795535
  102795536
  102795538
  102795540
  102795541
  102795542
  102795549
  102795555
  102795560
  102795564
  102795568
  102795570
  102795577
  102795595
  102795599
  102795626
  102795627
  102795628
  102795629
  102795678
  102795695
  102795754
  102795791
  102795812
  102795815
  102795860
  102795908
  102795921
  102795942
  102795960
  102795962
  102795967
  102795984
  102795987
  102795995
  102796006
  102796007
  102796014
  102796021
  102796034
  102796169
  102796174
  102796223
  102796246
  102796258
  102796316
  102796322
  102796342
  102796367
  102796371
  102796387
  102796401
  102796416
  102796428
  102796430
  102796441
  102796459
  102796469
  102796470
  102796475
  102796478
  102796487
  102796491
  102796505
  102796507
  102796511
  102796526
  102796532
  102796539
  102796552
  102796555
  102796556
  102796562
  102796566
  102796568
  102796569
  102796575
  102796580
  102796582
  102796588
  102796592
  102796601
  102796602
  102796605
  102796606
  102796760
  102796792
  102796795
  102796798
  102796802
  102796804
  102796808
  102796823
  102796848
  102796854
  102796870
  102796872
  102796932
  102796947
  102796948
  102797020
  102797024
  102797026
  102797029
  102797038
  102797039
  102797041
  102797085
  102797086
  102797148
  102797149
  102797174
  102797175
  102797225
  102797311
  102797363
  102797371
  102797376
  102797397
  102797409
  102797423
  102797436
  102797438
  102797439
  102797442
  102797444
  102797447
  102797464
  102797470
  102797471
  102797472
  102797473
  102797482
  102797483
  102797485
  102797486
  102797487
  102797491
  102797495
  102797498
  102797499
  102797504
  102797529
  102797533
  102797538
  102797544
  102797557
  102797560
  102797565
  102797570
  102797573
  102797576
  102797579
  102797583
  102797606
  102797609
  102797613
  102797614
  102797616
  102797631
  102797634
  102797641
  102797645
  102797653
  102797658
  102797660
  102797683
  102797698
  102797710
  102797712
  102797717
  102797783
  102797788
  102797799
  102797805
  102797819
  102797838
  102797843
  102797898
  102797946
  102797970
  102797991
  102797993
  102797996
  102798009
  102798013
  102798039
  102798049
  102798061
  102798063
  102798065
  102798101
  102798103
  102798104
  102798122
  102798136
  102798139
  102798145
  102798146
  102798147
  102798148
  102798149
  102798151
  102798159
  102798170
  102798171
  102798172
  102798205
  102798211
  102798220
  102798234
  102798253
  102798269
  102798304
  102798348
  102798394
  102798437
  102798450
  102798455
  102798462
  102798463
  102798468
  102798470
  102798474
  102798480
  102798481
  102798482
  102798485
  102798487
  102798489
  102798492
  102798496
  102798502
  102798512
  102798517
  102798525
  102798533
  102798541
  102798549
  102798561
  102798566
  102798587
  102798601
  102798657
  102798675
  102798703
  102798724
  102798730
  102798797
  102798800
  102798802
  102798803
  102798805
  102798806
  102798807
  102798808
  102798810
  102798813
  102798816
  102798817
  102798820
  102798821
  102798822
  102798823
  102798825
  102798826
  102798827
  102798829
  102798830
  102798833
  102798840
  102798842
  102798854
  102798870
  102798882
  102798886
  102798901
  102798906
  102798921
  102798933
  102798942
  102798945
  102798966
  102798988
  102798997
  102799017
  102799026
  102799050
  102799053
  102799056
  102799059
  102799061
  102799064
  102799069
  102799074
  102799077
  102799095
  102799105
  102799135
  102799138
  102799146
  102799153
  102799173
  102799232
  102799283
  102799322
  102799329
  102799330
  102799338
  102799365
  102799367
  102799395
  102799398
  102799400
  102799401
  102799404
  102799406
  102799414
  102799423
  102799448
  102799449
  102799469
  102799491
  102799508
  102799525
  102799542
  102799545
  102799547
  102799551
  102799564
  102799596
  102799628
  102799633
  102799646
  102799650
  102799653
  102799654
  102799663
  102799682
  102799688
  102799691
  102799693
  102799694
  102799696
  102799698
  102799700
  102799701
  102799702
  102799703
  102799705
  102799706
  102799707
  102799708
  102799709
  102799712
  102799718
  102799719
  102799723
  102799732
  102799741
  102799751
  102799757
  102799763
  102799769
  102799790
  102799803
  102799811
  102799829
  102799878
  102799892
  102799914
  102799927
  102799937
  102799964
  102799999
  102800001
  102800015
  102800018
  102800056
  102800067
  102800089
  102800092
  102800125
  102800144
  102800146
  102800150
  102800152
  102800154
  102800156
  102800199
  102800226
  102800228
  102800241
  102800251
  102800284
  102800290
  102801054
  102801060
  102801069
  102801075
  102801081
  102801084
  102801098
  102801105
  102801115
  102801127
  102801145
  102801155
  102801160
  102801164
  102801170
  102801181
  102801186
  102801205
  102801216
  102801224
  102801230
  102801265
  102801267
  102801310
  102801314
  102801319
  102801322
  102801332
  102801348
  102801369
  102801375
  102801381
  102801391
  102801395
  102801407
  102801419
  102801451
  102801453
  102801460
  102801473
  102801482
  102801493
  102801499
  102801501
  102801504
  102801505
  102801506
  102801508
  102801524
  102801527
  102801533
  102801541
  102801542
  102801559
  102801617
  102801659
  102801671
  102801710
  102801725
  102801752
  102801754
  102801826
  102801828
  102801838
  102801864
  102801950
  102801952
  102801954
  102801955
  102801958
  102801972
  102801977
  102801978
  102802005
  102802064
  102802081
  102802106
  102802180
  102802183
  102802188
  102802190
  102802191
  102802195
  102802196
  102802198
  102802221
  102802239
  102802251
  102802270
  102802273
  102802319
  102802327
  102802703
  102802704
  102802705
  102802708
  102802712
  102802713
  102802714
  102802716
  102802717
  102802718
  102802720
  102802721
  102802722
  102802727
  102802738
  102802741
  102802743
  102802744
  102802745
  102802747
  102802748
  102802752
  102802753
  102802755
  102802757
  102802811
  102802936
  102802941
  102802944
  102803012
  102803141
  102803142
  102803151
  102803152
  102803153
  102803170
  102803172
  102803403
  102803404
  102803854
  102803856
  102803922
  102803944
  102803969
  102803974
  102803990
  102804023
  102804025
  102804026
  102804094
  102804182
  102804183
  102804192
  102804203
  102804208
  102804227
  102804232
  102804233
  102804234
  102804237
  102804238
  102804242
  102804244
  102804245
  102804246
  102804248
  102804249
  102804253
  102804258
  102804259
  102804261
  102804266
  102804267
  102804274
  102804282
  102804288
  102804289
  102804291
  102804294
  102804299
  102804306
  102804314
  102804317
  102804320
  102804340
  102804350
  102804353
  102804357
  102804360
  102804372
  102804379
  102804391
  102804399
  102804403
  102804412
  102804421
  102804425
  102804476
  102804481
  102804488
  102804496
  102804500
  102804502
  102804540
  102804542
  102804610
  102804612
  102804616
  102804618
  102804654
  102804686
  102804763
  102804770
  102804772
  102804777
  102804787
  102804835
  102804856
  102804857
  102804861
  102804865
  102804867
  102804868
  102804869
  102804870
  102804872
  102804882
  102804884
  102804937
  102804939
  102804940
  102804942
  102804944
  102804948
  102804949
  102804951
  102804953
  102804954
  102805192
  102805205
  102805207
  102805212
  102805216
  102805227
  102805233
  102805273
  102805286
  102805289
  102805291
  102805297
  102805307
  102805309
  102805324
  102805350
  102805363
  102805392
  102805411
  102805429
  102805451
  102805453
  102805473
  102805475
  102805477
  102805498
  102805500
  102805501
  102805512
  102805527
  102805537
  102805549
  102805563
  102805568
  102805587
  102805600
  102805608
  102805609
  102805610
  102805611
  102805612
  102805619
  102805629
  102805631
  102805636
  102805639
  102805640
  102805643
  102805644
  102805645
  102805660
  102805709
  102805713
  102805749
  102805761
  102805805
  102805812
  102805826
  102805844
  102805861
  102805866
  102805880
  102805895
  102805906
  102805916
  102805917
  102805941
  102805972
  102805974
  102805978
  102805985
  102805988
  102805990
  102806003
  102806009
  102806012
  102806068
  102806071
  102806086
  102806122
  102806184
  102806219
  102806235
  102806253
  102806256
  102806261
  102806264
  102806278
  102806280
  102806282
  102806286
  102806287
  102806289
  102806290
  102806296
  102806298
  102806302
  102806303
  102806352
  102806387
  102806394
  102806509
  102806528
  102806529
  102806530
  102806534
  102806536
  102806537
  102806539
  102806541
  102806544
  102806545
  102806547
  102806554
  102806557
  102806561
  102806562
  102806570
  102806572
  102806573
  102806574
  102806576
  102806577
  102806579
  102806581
  102806582
  102806584
  102806585
  102806586
  102806587
  102806589
  102806594
  102806601
  102806604
  102806605
  102806607
  102806608
  102806615
  102806619
  102806620
  102806629
  102806631
  102806633
  102806637
  102806641
  102806658
  102806677
  102806686
  102806688
  102806697
  102806699
  102806704
  102806706
  102806723
  102806746
  102806757
  102806771
  102806786
  102806796
  102806809
  102806816
  102806822
  102806825
  102806827
  102806839
  102806840
  102806858
  102806870
  102806873
  102806880
  102806882
  102806885
  102806889
  102806906
  102806910
  102806913
  102806916
  102806920
  102806929
  102806937
  102806942
  102806978
  102806987
  102806991
  102807002
  102807025
  102807042
  102807053
  102807063
  102807076
  102807130
  102807151
  102807161
  102807165
  102807169
  102807171
  102807172
  102807174
  102807179
  102807199
  102807206
  102807208
  102807210
  102807228
  102807233
  102807285
  102807293
  102807296
  102807298
  102807375
  102807389
  102807390
  102807391
  102807409
  102807420
  102807442
  102807460
  102807468
  102807472
  102807476
  102807479
  102807498
  102807500
  102807501
  102807515
  102807528
  102807538
  102807541
  102807548
  102807563
  102807567
  102807582
  102807587
  102807590
  102807594
  102807604
  102807609
  102807611
  102807618
  102807624
  102807632
  102807634
  102807639
  102807645
  102807646
  102807654
  102807664
  102807665
  102807668
  102807670
  102807677
  102807679
  102807680
  102807684
  102807698
  102807701
  102807715
  102807723
  102807726
  102807730
  102807739
  102807743
  102807744
  102807758
  102807791
  102807794
  102807805
  102807835
  102807872
  102807884
  102807900
  102807902
  102807903
  102807906
  102807907
  102807916
  102807922
  102807925
  102807933
  102807947
  102807950
  102807956
  102807962
  102807965
  102807971
  102807983
  102807986
  102807992
  102807995
  102808001
  102808004
  102808011
  102808016
  102808018
  102808020
  102808022
  102808023
  102808024
  102808032
  102808033
  102808034
  102808035
  102808039
  102808045
  102808058
  102808066
  102808067
  102808084
  102808085
  102808088
  102808095
  102808102
  102808103
  102808105
  102808106
  102808108
  102808113
  102808114
  102808118
  102808132
  102808142
  102808143
  102808148
  102808154
  102808158
  102808159
  102808161
  102808173
  102808185
  102808187
  102808195
  102808211
  102808226
  102808236
  102808241
  102808248
  102808254
  102808256
  102808275
  102808284
  102808294
  102808319
  102808321
  102808322
  102808325
  102808347
  102808363
  102808381
  102808402
  102808429
  102808455
  102808459
  102808462
  102808465
  102808475
  102808507
  102808514
  102808550
  102808556
  102808576
  102808614
  102808617
  102808620
  102808632
  102808667
  102808685
  102808687
  102808689
  102808691
  102808703
  102808712
  102808714
  102808735
  102808824
  102808847
  102808855
  102808873
  102808875
  102808877
  102808881
  102808891
  102808909
  102808912
  102808918
  102808922
  102808931
  102808946
  102808964
  102808968
  102808970
  102809008
  102809027
  102809037
  102809043
  102809072
  102809076
  102809079
  102809082
  102809089
  102809102
  102809111
  102809114
  102809115
  102809117
  102809120
  102809121
  102809123
  102809124
  102809125
  102809126
  102809143
  102809159
  102809163
  102809165
  102809167
  102809170
  102809179
  102809184
  102809186
  102809193
  102809197
  102809201
  102809213
  102809222
  102809229
  102809233
  102809243
  102809272
  102809277
  102809278
  102809279
  102809281
  102809282
  102809287
  102809291
  102809292
  102809302
  102809303
  102809310
  102809311
  102809316
  102809319
  102809320
  102809328
  102809332
  102809370
  102809380
  102809385
  102809390
  102809395
  102809403
  102809405
  102809481
  102809484
  102809489
  102809494
  102809513
  102809516
  102809518
  102809531
  102809565
  102809569
  102809580
  102809601
  102809628
  102809634
  102809636
  102809650
  102809656
  102809661
  102809669
  102809676
  102809688
  102809690
  102809696
  102809700
  102809702
  102809704
  102809710
  102809716
  102809725
  102809746
  102809782
  102809784
  102809790
  102809828
  102809829
  102809841
  102809852
  102809868
  102809890
  102809908
  102809913
  102809924
  102809931
  102809939
  102809941
  102809942
  102809946
  102809947
  102809950
  102809954
  102809956
  102809960
  102809962
  102809964
  102809978
  102809985
  102809989
  102810000
  102810008
  102810018
  102810033
  102810051
  102810052
  102810054
  102810055
  102810100
  102810104
  102810138
  102810195
  102810199
  102810202
  102810360
  102810365
  102810373
  102810419
  102810448
  102810553
  102810832
  102810834
  102810863
  102810881
  102810930
  102811103
  102811136
  102811150
  102811151
  102811187
  102811209
  102811221
  102811224
  102811233
  102811278
  102811284
  102811301
  102811316
  102811345
  102811346
  102811350
  102811351
  102811352
  102811353
  102811437
  102811448
  102811454
  102811456
  102811457
  102811458
  102811460
  102811461
  102811465
  102811474
  102811479
  102811481
  102811489
  102811493
  102811506
  102811509
  102811528
  102811555
  102811563
  102811601
  102811603
  102811605
  102811607
  102811609
  102811665
  102811680
  102811712
  102811715
  102811725
  102811747
  102811770
  178629013
  178629015
  178629016
  178629018
  178629069
  178629073
  178629134
  178629179
  178629184
  178629186
  178629214
  178629249
  178629260
  178629270
  178629278
  178629280
  178629284
  178629288
  178629290
  178629291
  178629292
  178629293
  178629444
  178629456
  178629463
  178629558
  178629591
  178629612
  178629628
  178629643
  178629649
  178629650
  178629671
  178629676
  178629696
  178629700
  178629706
  178629711
  178629712
  178629714
  178629743
  178629757
  178629762
  178629768
  178629777
  178629790
  178629813
  178629815
  178629821
  178629822
  178629976
  178630005
  178630025
  178630028
  178630052
  178630059
  178630119
  178630123
  178630129
  178630177
  178630234
  178630247
  178630252
  178630346
  178630382
  178630397
  178630410
  178630422
  178630428
  178630453
  178630454
  178630475
  178630497
  178630505
  178630511
  178630516
  178630520
  178630540
  178630545
  178630550
  178630583
  178630611
  178630625
  178630631
  178630632
  178630653
  178630660
  178630666
  178630671
  178630702
  178630708
  178630743
  178630746
  178630771
  178630785
  178630800
  178630823
  178630825
  178630837
  178630842
  178630859
  178630872
  178630886
  178630903
  178630913
  178630918
  178630944
  178630945
  178630956
  178630957
  178630968
  178630979
  178630980
  178630984
  178630985
  178630988
  178630989
  178630992
  178630997
  178631001
  178631004
  178631009
  178631011
  178631015
  178631017
  178631021
  178631028
  178631032
  178631040
  178631045
  178631050
  178631051
  178631054
  178631061
  178631073
  178631084
  178631090
  178631092
  178631102
  178631112
  178631137
  178631141
  178631176
  178631181
  178631183
  178631189
  178631206
  178631207
  178631213
  178631216
  178631217
  178631229
  178631242
  178631249
  178631251
  178631255
  178631256
  178631272
  178631296
  178631307
  178631314
  178631319
  178631321
  178631333
  178631341
  178631349
  178631351
  178631354
  178631357
  178631360
  178631379
  178631380
  178631381
  178631382
  178631383
  178631384
  178631395
  178631399
  178631427
  178631446
  178631471
  178631484
  178631506
  178631517
  178631567
  178631571
  178631581
  178631675
  178631678
  178631700
  178631736
  178631740
  178631756
  178631759
  178631761
  178631763
  178631765
  178631769
  178631801
  178631835
  178631836
  178631846
  178631848
  178631852
  178631853
  178631858
  178631864
  178631866
  178631868
  178631870
  178631874
  178631896
  178631898
  178631922
  178631939
  178631940
  178631942
  178631946
  178631982
  178631987
  178632012
  178632015
  178632019
  178632021
  178632022
  178632023
  178632026
  178632027
  178632033
  178632054
  178632080
  178632086
  178632089
  178632142
  178632143
  178632145
  178632146
  178632147
  178632199
  178632241
  178632389
  178632415
  178632425
  178632440
  178632447
  178632449
  178632452
  178632454
  178632456
  178632460
  178632461
  178632462
  178632466
  178632470
  178632474
  178632490
  178632493
  178632494
  178632505
  178632510
  178632619
  178632642
  178632647
  178632658
  178632662
  178632693
  178632699
  178632707
  178632754
  178632770
  178632806
  178632833
  178632857
  178632861
  178632878
  178632885
  178632906
  178632910
  178632914
  178632946
  178632949
  178632953
  178632973
  178632981
  178633006
  178633007
  178633012
  178633019
  178633021
  178633030
  178633044
  178633062
  178633084
  178633086
  178633095
  178633101
  178633108
  178633124
  178633133
  178633140
  178633173
  178633224
  178633227
  178633229
  178633232
  178633260
  178633309
  178633315
  178633334
  178633345
  178633391
  178633411
  178633427
  178633483
  178633507
  178633593
  178633672
  178633676
  178633689
  178633691
  178633713
  178633721
  178633723
  178633725
  178633785
  178633795
  178633801
  178633811
  178633813
  178633824
  178633827
  178633844
  178633845
  178633853
  178633858
  178633866
  178633875
  178633878
  178633882
  178633883
  178633890
  178633893
  178633894
  178633897
  178633903
  178633906
  178633913
  178633915
  178633926
  178633940
  178633944
  178633951
  178633957
  178633958
  178633960
  178633972
  178633977
  178633982
  178633992
  178633996
  178633998
  178634036
  178634040
  178634044
  178634045
  178634047
  178634049
  178634065
  178634068
  178634095
  178634106
  178634127
  178634150
  178634185
  178634196
  178634201
  178634217
  178634261
  178634283
  178634293
  178634301
  178634310
  178634312
  178634318
  178634320
  178634322
  178634345
  178634353
  178634355
  178634407
  178634413
  178634554
  178634556
  178634558
  178634580
  178634643
  178634901
  178634902
  178634903
  178634905
  178634906
  178634907
  178634909
  178634911
  178634912
  178634914
  178634916
  178634917
  178634918
  178634919
  178634920
  178634926
  178634927
  178634930
  178634989
  178634998
  178635008
  178635019
  178635049
  178635053
  178635055
  178635125
  178635130
  178635133
  178635154
  178635170
  178635175
  178635193
  178635200
  178635219
  178635263
  178635273
  178635278
  178635287
  178635290
  178635307
  178635324
  178635333
  178635335
  178635340
  178635349
  178635352
  178635370
  178635384
  178635389
  178635393
  178635427
  178635447
  178635466
  178635489
  178635503
  178635509
  178635510
  178635512
  178635514
  178635518
  178635524
  178635530
  178635531
  178635537
  178635544
  178635548
  178635551
  178635559
  178635561
  178635564
  178635567
  178635571
  178635574
  178635590
  178635592
  178635599
  178635603
  178635605
  178635607
  178635608
  178635610
  178635611
  178635614
  178635615
  178635619
  178635624
  178635638
  178635652
  178635653
  178635654
  178635655
  178635656
  178635657
  178635658
  178635720
  178635744
  178635749
  178635791
  178635814
  178635831
  178635841
  178635844
  178635883
  178635885
  178635930
  178635947
  178635957
  178635969
  178635974
  178635976
  178635982
  178635988
  178635992
  178635996
  178636013
  178636023
  178636026
  178636027
  178636035
  178636037
  178636042
  178636054
  178636068
  178636116
  178636119
  178636121
  178636128
  178636129
  178636131
  178636138
  178636142
  178636143
  178636150
  178636152
  178636153
  178636166
  178636177
  178636182
  178636183
  178636192
  178636199
  178636200
  178636211
  178636227
  178636271
  178636288
  178636292
  178636301
  178636342
  178636356
  178636364
  178636378
  178636380
  178636394
  178636399
  178636434
  178636465
  178636539
  178636701
  178636702
  178636749
  178636751
  178636907
  178636913
  178636917
  178636922
  178636923
  178636925
  178636926
  178636928
  178636949
  178636951
  178636958
  178636964
  178637099
  178637100
  178637104
  178637606
  178637613
  178637617
  178637624
  178637626
  178637633
  178637639
  178637641
  178637643
  178637644
  178637646
  178637650
  178637651
  178637665
  178637843
  178637848
  178637853
  178637878
  178638011
  178638043
  178638053
  178638065
  178638078
  178638090
  178638102
  178638113
  178638116
  178638176
  178638206
  178638210
  178638217
  178638221
  178638302
  178638406
  178638412
  178638427
  178638444
  178638446
  178638448
  178638453
  178638461
  178638470
  178638513
  178638524
  178638525
  178638544
  178638560
  178638595
  178638604
  178638615
  178638658
  178638665
  178638683
  178638706
  178638753
  178638766
  178638769
  178638803
  178638804
  178638810
  178638812
  178638818
  178638838
  178638859
  178638861
  178639050
  178639067
  178639213
  178639214
  178639215
  178639217
  178639218
  178639220
  178639221
  178639223
  178639226
  178639227
  178639230
  178639231
  178639233
  178639243
  178639285
  178639288
  178639386
  178639392
  178639397
  178639414
  178639420
  178639429
  178639431
  178639432
  178639510
  178639516
  178639520
  178639528
  178639546
  178639548
  178639565
  178639575
  178639603
  178639641
  178639673
  178639687
  178639719
  178639730
  178639732
  178639733
  178639734
  178639747
  178639749
  178639751
  178639752
  178639754
  178639760
  178639764
  178639767
  178639777
  178639780
  178639787
  178639791
  178639792
  178639793
  178639795
  178639796
  178639798
  178639799
  178639804
  178639808
  178639819
  178639821
  178639824
  178639826
  178639837
  178639850
  178639880
  178639883
  178639904
  178639919
  178639921
  178639926
  178639934
  178639940
  178639955
  178639975
  178640007
  178640036
  178640147
  178640156
  178640160
  178640190
  178640198
  178640200
  178640202
  178640204
  178640227
  178640228
  178640230
  178640232
  178640238
  178640242
  178640247
  178640248
  178640251
  178640252
  178640257
  178640267
  178640268
  178640274
  178640279
  178640281
  178640307
  178640309
  178640319
  178640325
  178640332
  178640415
  178640426
  178640440
  178640486
  178640527
  178640631
  178640651
  178640654
  178640665
  178640668
  178640673
  178640690
  178640743
  178640753
  178640807
  178640873
  178640879
  178640897
  178640909
  178640919
  178640937
  178640945
  178640951
  178640958
  178640972
  178640974
  178640983
  178640986
  178641064
  178641073
  178641127
  178641142
  178641252
  178641266
  178641271
  178641272
  178641276
  178641279
  178641284
  178641295
  178641298
  178641327
  178641341
  178641464
  178641490
  178641494
  178641501
  178641503
  178641523
  178641525
  178641527
  178641530
  178641531
  178641532
  178641535
  178641536
  178641540
  178641541
  178641542
  178641545
  178641547
  178641548
  178641551
  178641552
  178641553
  178641559
  178641562
  178641565
  178641605
  178641635
  178641678
  178641704
  178641725
  178641764
  178641819
  178641853
  178641856
  178641870
  178641874
  178641889
  178641898
  178641905
  178641928
  178642005
  178642051
  178642081
  178642083
  178642085
  178642091
  178642098
  178642129
  178642131
  178642154
  178642178
  178642180
  178642190
  178642237
  178642265
  178642266
  178642270
  178642273
  178642274
  178642276
  178642278
  178642301
  178642303
  178642306
  178642309
  178642311
  178642312
  178642315
  178642316
  178642318
  178642319
  178642320
  178642321
  178642327
  178642328
  178642336
  178642338
  178642342
  178642362
  178642402
  178642444
  178642446
  178642453
  178642456
  178642466
  178642506
  178642515
  178642554
  178642570
  178642747
  178642749
  178642811
  178642855
  178643061
  178643084
  178643086
  178643103
  178643131
  178643146
  178643148
  178643155
  178643156
  178643164
  178643172
  178643175
  178643184
  178643185
  178643187
  178643193
  178643196
  178643197
  178643203
  178643204
  178643209
  178643222
  178643228
  178643241
  178643243
  178643245
  178643253
  178643266
  178643298
  178643313
  178643316
  178643321
  178643322
  178643325
  178643328
  178643343
  178643389
  178643391
  178643394
  178643397
  178643461
  178643480
  183436863
  183436867
  183436875
  183436877
  183436885
  183436900
  183436905
  183436909
  183436911
  183436916
  183436918
  183436925
  183436928
  183436946
  183436950
  183436952
  183436964
  183436969
  183436987
  183437012
  183437026
  183437034
  183437044
  183437046
  183437054
  183437073
  183437079
  183437090
  183437099
  183437109
  183437114
  183437156
  183437180
  183437200
  183437243
  183437249
  183437293
  183437295
  183437308
  183437403
  183437480
  183437750
  183437754
  183437757
  183437798
  183437815
  183437820
  183437823
  183437826
  183437829
  183437830
  183437831
  183437833
  183437838
  183437841
  183437845
  183437848
  183437850
  183437851
  183437859
  183437860
  183437861
  183437868
  183437887
  183437918
  183438107
  183438116
  183438118
  183438125
  183438131
  183438175
  183438176
  183438177
  183438179
  183438180
  183438181
  183438182
  183438208
  183438253
  183438263
  183438264
  183438266
  183438267
  183438270
  183438271
  183438272
  183438273
  183438274
  183438280
  183438283
  183438284
  183438287
  183438288
  183438289
  183438291
  183438296
  183438298
  183438299
  183438301
  183438302
  183438303
  183438304
  183438305
  183438306
  183438308
  183438309
  183438310
  183438312
  183438316
  183438320
  183438326
  183438329
  183438331
  183438333
  183438344
  183438360
  183438368
  183438372
  183438376
  183438390
  183438413
  183438421
  183438429
  183438461
  183438462
  183438467
  183438494
  183438532
  183438549
  183438550
  183438560
  183438561
  183438574
  183438575
  183438578
  183438615
  183438619
  183438623
  183438627
  183438636
  183438639
  183438640
  183438642
  183438645
  183438646
  183438653
  183438657
  183438659
  183438664
  183438676
  183438688
  183438704
  183438720
  183438723
  183438724
  183438726
  183438730
  183438735
  183438737
  183438740
  183438741
  183438750
  183438754
  183438755
  183438761
  183438762
  183438763
  183438765
  183438769
  183438775
  183438791
  183438793
  183438797
  183438806
  183438815
  183438827
  183438830
  183438837
  183438852
  183438856
  183438873
  183438881
  183438888
  183438961
  183438971
  183438975
  183439030
  183439032
  183439036
  183439055
  183439057
  183439059
  183439067
  183439070
  183439072
  183439077
  183439115
  183439209
  183439222
  183439268
  183439403
  183439404
  183439406
  183439420
  183439426
  183439578
  183439597
  183439632
  183439634
  183439655
  183439660
  183439673
  183439687
  183439688
  183439690
  183439691
  183439693
  183439700
  183439703
  183439705
  183439707
  183439710
  183439718
  183439748
  183439759
  183439825
  183439896
  183439909
  183439916
  183439942
  183439946
  183439947
  183439950
  183439956
  183439964
  183439969
  183439974
  183439977
  183439978
  183439981
  183439987
  183439994
  183439997
  183440001
  183440002
  183440007
  183440008
  183440010
  183440011
  183440018
  183440020
  183440023
  183440029
  183440033
  183440040
  183440042
  183440046
  183440051
  183440053
  183440058
  183440060
  183440063
  183440067
  183440068
  183440086
  183440106
  183440112
  183440129
  183440136
  183440141
  183440146
  183440180
  183440185
  183440190
  183440196
  183440206
  183440208
  183440211
  183440244
  183440256
  183440257
  183440270
  183440273
  183440274
  183440382
  183440384
  183440385
  183440387
  183440388
  183440391
  183440393
  183440399
  183440401
  183440403
  183440405
  183440410
  183440412
  183440425
  183440431
  183440434
  183440439
  183440442
  183440451
  183440562
  183440575
  183440577
  183440582
  183440600
  183440609
  183440649
  183440741
  183440745
  183440751
  183440753
  183440761
  183440765
  183440766
  183440767
  183440779
  183440785
  183440817
  183440821
  183440836
  183440846
  183440852
  183440857
  183440865
  183440872
  183440877
  183440886
  183440964
  183440966
  183441025
  183441048
  183441064
  183441074
  183441075
  183441084
  183441087
  183441094
  183441100
  183441104
  183441115
  183441118
  183441120
  183441137
  183441141
  183441147
  183441149
  183441152
  183441214
  183441244
  183441253
  183441286
  183441297
  183441310
  183441357
  183441420
  183441426
  183441453
  183441544
  183441547
  183441558
  183441565
  183441567
  183441580
  183441582
  183441586
  183441589
  183441597
  183441604
  183441605
  183441606
  183441608
  183441611
  183441616
  183441617
  183441618
  183441619
  183441714
  183441719
  183441732
  183441733
  183441736
  183441759
  183441768
  183441770
  183441795
  183441797
  183441800
  183441804
  183441811
  183441818
  183441819
  183441821
  183441824
  183441836
  183441837
  183441840
  183441841
  183441842
  183441846
  183441854
  183441855
  183441866
  183441873
  183441884
  183441890
  183441903
  183441906
  183441910
  183441917
  183441918
  183441926
  183441928
  183441931
  183441933
  183441941
  183441947
  183441948
  183441949
  183441951
  183441954
  183441958
  183441959
  183441961
  183441963
  183441964
  183441978
  183441992
  183441993
  183441996
  183442004
  183442005
  183442006
  183442007
  183442025
  183442067
  183442074
  183442077
  183442100
  183442105
  183442112
  183442132
  183442139
  183442147
  183442150
  183442161
  183442163
  183442165
  183442176
  183442179
  183442183
  183442190
  183442194
  183442199
  183442203
  183442205
  183442206
  183442209
  183442230
  183442232
  183442237
  183442238
  183442249
  183442257
  183442258
  183442259
  183442265
  183442267
  183442284
  183442290
  183442293
  183442294
  183442308
  183442309
  183442310
  183442320
  183442321
  183442322
  183442324
  183442325
  183442329
  183442330
  183442331
  183442332
  183442333
  183442334
  183442336
  183442337
  183442338
  183442339
  183442346
  183442351
  183442392
  183442419
  183442422
  183442446
  183442453
  183442464
  183442476
  183442499
  183442504
  183442511
  183442529
  183442558
  183442575
  183442590
  183442611
  183442612
  183442646
  183442671
  183442707
  183442728
  183442761
  183442765
  183442772
  183442784
  183442792
  183442794
  183442797
  183442798
  183442801
  183442805
  183442806
  183442807
  183442809
  183442814
  183442824
  183442835
  183442847
  183442864
  183442886
  183442914
  183442942
  183442964
  183442987
  183443006
  183443022
  183443036
  183443040
  183443041
  183443043
  183443046
  183443047
  183443050
  183443059
  183443065
  183443077
  183443086
  183443089
  183443106
  183443109
  183443110
  183443118
  183443123
  183443125
  183443139
  183443149
  183443152
  183443158
  183443166
  183443185
  183443189
  183443193
  183443200
  183443209
  183443217
  183443224
  183443245
  183443282
  183443308
  183443311
  183443335
  183443351
  183443359
  183443360
  183443361
  183443362
  183443363
  183443365
  183443367
  183443370
  183443374
  183443479
  183443491
  183443499
  183443519
  183443534
  183443576
  183443578
  183443590
  183443611
  183443650
  183443654
  183443657
  183443658
  183443659
  183443678
  183443691
  183443692
  183443697
  183443698
  183443701
  183443968
  183443985
  183443990
  183444026
  183444121
  183444128
  183444238
  183444240
  183444251
  183444253
  183444255
  183444311
  183444313
  183444320
  183444345
  183444352
  183444353
  183444360
  183444363
  183444369
  183444370
  183444374
  183444377
  183444379
  183444380
  183444381
  183444392
  183444393
  183444396
  183444398
  183444400
  183444407
  183444409
  183444411
  183444415
  183444416
  183444420
  183444421
  183444423
  183444426
  183444440
  183444443
  183444457
  183444461
  183444463
  183444464
  183444466
  183444467
  183444468
  183444472
  183444473
  183444474
  183444481
  183444482
  183444483
  183444492
  183444494
  183444511
  183444522
  183444524
  183444525
  183444532
  183444543
  183444545
  183444558
  183444564
  183444580
  183444581
  183444591
  183444601
  183444606
  183444608
  183444611
  183444613
  183444614
  183444616
  183444619
  183444621
  183444622
  183444623
  183444626
  183444627
  183444629
  183444631
  183444632
  183444635
  183444636
  183444640
  183444642
  183444648
  183444653
  183444665
  183444666
  183444674
  183444681
  183444682
  183444683
  183444686
  183444690
  183444709
  183444729
  183444732
  183444742
  183444746
  183444756
  183444762
  183444766
  183444767
  183444770
  183444771
  183444773
  183444786
  183444788
  183444790
  183444793
  183444798
  183444801
  183444805
  183444813
  183444818
  183444828
  183444832
  183444838
  183444839
  183444841
  183444845
  183444854
  183444866
  183444867
  183444869
  183444870
  183444878
  183444882
  183444888
  183444892
  183444895
  183444897
  183444898
  183444899
  183444909
  183444912
  183444915
  183444917
  183444921
  183444925
  183444937
  183444940
  183444956
  183444957
  183444967
  183444971
  183444976
  183444986
  183444987
  183445003
  183445007
  183445014
  183445017
  183445018
  183445029
  183445039
  183445056
  183445060
  183445062
  183445063
  183445068
  183445080
  183445082
  183445085
  183445087
  183445109
  183445110
  183445127
  183445133
  183445138
  183445142
  183445150
  183445157
  183445158
  183445163
  183445166
  183445170
  183445171
  183445174
  183445175
  183445183
  183445185
  183445190
  183445192
  183445196
  183445209
  183445212
  183445213
  183445222
  183445227
  183445228
  183445229
  183445234
  183445237
  183445241
  183445242
  183445251
  183445253
  183445255
  183445259
  183445260
  183445262
  183445267
  183445268
  183445269
  183445274
  183445277
  183445281
  183445282
  183445288
  183445298
  183445302
  183445313
  183445315
  183445321
  183445331
  183445335
  183445347
  183445357
  183445360
  183445361
  183445365
  183445369
  183445370
  183445375
  183445378
  183445379
  183445380
  183445382
  183445386
  183445387
  183445388
  183445391
  183445397
  183445399
  183445403
  183445404
  183445407
  183445409
  183445410
  183445413
  183445414
  183445415
  183445422
  183445428
  183445434
  183445440
  183445449
  183445456
  183445462
  183445464
  183445465
  183445471
  183445478
  183445482
  183445487
  183445490
  183445499
  183445510
  183445512
  183445516
  183445526
  183445528
  183445531
  183445533
  183445542
  183445552
  183445553
  183445558
  183445565
  183445576
  183445587
  183445590
  183445592
  183445598
  183445608
  183445611
  183445617
  183445619
  183445625
  183445628
  183445630
  183445634
  183445639
  183445641
  183445646
  183445650
  183445679
  183445686
  183445694
  183445708
  183445722
  183445725
  183445744
  183445748
  183445776
  183445786
  183445792
  183445796
  183445800
  183445802
  183445804
  183445806
  183445808
  183445813
  183445817
  183445837
  183445840
  183445842
  183445853
  183445862
  183445868
  183445874
  183445880
  183445888
  183445897
  183445904
  183445908
  183445912
  183445914
  183445916
  183445920
  183445927
  183445940
  183445945
  183445948
  183445957
  183445967
  183445969
  183445993
  183446017
  183446018
  183446030
  183446041
  183446056
  183446078
  183446080
  183446083
  183446090
  183446092
  183446100
  183446102
  183446106
  183446136
  183446138
  183446140
  183446142
  183446144
  183446146
  183446148
  183446157
  183446160
  183446173
  183446184
  183446188
  183446192
  183446227
  183446232
  183446250
  183446251
  183446263
  183446265
  183446268
  183446275
  183446277
  183446281
  183446283
  183446296
  183446298
  183446300
  183446322
  183446323
  183446325
  183446326
  183446328
  183446330
  183446332
  183446334
  183446343
  183446350
  183446362
  183446383
  183446385
  183446398
  183446402
  183446410
  183446414
  183446417
  183446425
  183446441
  183446442
  183446443
  183446444
  183446445
  183446446
  183446448
  183446449
  183446454
  183446467
  183446478
  183446505
  183446506
  183446516
  183446542
  183446553
  183446558
  183446576
  183446585
  183446602
  183446609
  183446611
  183446618
  183446633
  183446635
  183446658
  183446660
  183446669
  183446695
  183446697
  183446698
  183446700
  183446702
  183446703
  183446706
  183446710
  183446718
  183446725
  183446727
  183446730
  183446733
  183446739
  183446740
  183446750
  183446755
  183446757
  183446758
  183446761
  183446763
  183446764
  183446768
  183446823
  183446831
  183446837
  183446839
  183446843
  183446847
  183446851
  183446858
  183446859
  183446865
  183446870
  183446876
  183446879
  183446886
  183446887
  183446890
  183446891
  183446892
  183446903
  183446904
  183446926
  183446989
  183447002
  183447009
  183447014
  183447040
  183447044
  183447046
  183447050
  183447070
  183447108
  183447127
  183447129
  183447132
  183447354
  183447573
  183447581
  183447592
  183447595
  183447602
  183447617
  183447633
  183447642
  183447650
  183447655
  183447672
  183447676
  183447678
  183447710
  183447784
  183447817
  183447824
  183447826
  183447828
  183447865
  183447876
  183447882
  183447886
  183447898
  183447900
  183447906
  183447912
  183447933
  183447934
  183447948
  183447959
  183447963
  183447967
  183447969
  183447971
  183447979
  183447983
  183447997
  183448015
  183448036
  183448045
  183448051
  183448054
  183448062
  183448112
  183448129
  183448188
  183448203
  183448215
  183448221
  183448227
  183448295
  183448299
  183448338
  183448556
  183448584
  183448589
  183448591
  183448594
  183448598
  183448602
  183448604
  183448605
  183448619
  183448621
  183448636
  183448669
  183448675
  183448683
  183448688
  183448752
  183448753
  183448754
  183448755
  183448756
  183448757
  183448761
  183448796
  183448826
  183448827
  183448841
  183448853
  183448873
  183448874
  183448876
  183448881
  183448899
  183448903
  183448940
  183448956
  183448979
  183448983
  183448997
  183449021
  183449041
  183449043
  183449058
  183449062
  183449072
  183449074
  183449078
  183449094
  183449098
  183449104
  183449118
  183449121
  183449128
  183449132
  183449140
  183449142
  183449145
  183449146
  183449147
  183449149
  183449150
  183449152
  183449153
  183449154
  183449155
  183449162
  183449166
  183449205
  183449216
  183449224
  183449228
  183449244
  183449279
  183449291
  183449313
  183449320
  183449329
  183449338
  183449348
  183449666
  183449668
  183449671
  183449675
  183449677
  183449679
  183449680
  183449685
  183449714
  183449742
  183449758
  183449762
  183449767
  183449771
  183449776
  183449788
  183449794
  183449802
  183449803
  183449858
  183449862
  183449870
  183449883
  183449913
  183449954
  183449999
  183450015
  183450107
  183450115
  183450119
  183450230
  183450603
  183450626
  183450652
  183450674
  183450676
  183450702
  183450714
  183450732
  183450786
  183450788
  183450842
  183450849
  183450851
  183450852
  183450855
  183450863
  183450873
  183450875
  183450887
  183450890
  183450920
  183450927
  183450938
  183451002
  183451009
  183451011
  183451016
  183451019
  183451022
  183451026
  183451034
  183451036
  183451040
  183451049
  183451060
  183451069
  183451076
  183451079
  183451086
  183451111
  183451119
  183451131
  183451159
