          TESTS OF COMPOSITE DISTRIBUTIONAL HYPOTHESES
  TEST1  TSM    =    2.5378   FSM    =   17.1743
  TEST2  GTN    =    0.6666   Z(GTN) =   -6.1528
  TEST3  U      =    8.1347
  TEST4  DAGN   =  -13.1788
  TEST5  KV(N)  =    2.0848
  TEST6  WU2(N) =    0.2844
  TEST7  DRB(N) =    0.1616
  TEST8  AD(N)  =    2.1107
  TEST9  CVM(N) =    0.3172
  TEST10 KSD(N) =    1.3113
  TEST11 KSD    =    0.1308
  TEST12 CS(N)  =   25.1717   DOF  =   16.0000
  
 THIS IS THE SHAPIRO-WILK TEST FOR SMALL SAMPLES
 THE SAMPLE SIZE MUST BE LESS THAN OR EQUAL TO 50

  TEST14 SF(N)  =    0.8090
  TEST15 SW(E)  =    0.0360
  TEST16 CVM(E) =    8.1702
  TEST17 KSD(E) =    5.5891
  TEST18 KV(E)  =    8.4470
  TEST19 WU2(E) =    6.4937
  TEST20 AD(E)  =   37.6841
  TEST21 CS(E)  =  641.6161   DOF  =   17.0000
  TEST22 LR(NL) =    1.0971
  TEST23 CV(L)  =    0.1026

  WARNING!!! STATISTICS FOR THE NEXT TEST WILL NOT BE CALCULATED DUE TO SMALL LOGVARIANCE
  TEST24 KT(LN) =**********
