This is TeX, C Version 2.9 (preloaded format=lplain 89.10.4)  2 JAN 1990 15:00
**&lplain rimint
(rimint.tex
LaTeX Version 2.09 <25 Jan 1988>
(UCSman.sty
[UCS manual style. November 10, 1989]
(/usr/lib/tex/inputs/book.sty
Document Style `book' <5 Feb 88>.
(/usr/lib/tex/inputs/bk11.sty)
\descriptionmargin=\dimen99
\c@part=\count78
\c@chapter=\count79
\c@section=\count80
\c@subsection=\count81
\c@subsubsection=\count82
\c@paragraph=\count83
\c@subparagraph=\count84
\c@figure=\count85
\c@table=\count86
) (/usr/lib/tex/inputs/makeidx.sty)
\Hwidth=\dimen100
\@indexfile=\write3

Writing index file rimint.idx 
(/usr/lib/tex/inputs/fleqn.sty
\mathindent=\dimen101
)) (rimint.aux) [-1

] [-2] (rimint.toc)
\tf@toc=\write4
 [-1

]
[-2

] (rimint.lot)
\tf@lot=\write5
 [-3] [-4

]
Chapter 1.
LaTeX Warning: Reference `sysdep' on page 1 undefined.
[1

]
Underfull \vbox (badness 1033) has occurred while \output is active
\vbox(530.0+0.0)x362.0, glue set 2.1785
.\glue(\topskip) 2.39584
.\hbox(7.60416+2.12917)x362.0, glue set 0.02559
..\hbox(0.0+0.0)x0.0
..\elvrm C
..\elvrm o
..\elvrm m
..\elvrm m
..etc.
.\penalty 400
.\glue(\baselineskip) 3.86668
.\hbox(7.60416+2.12917)x362.0, glue set 195.77274fil
..\elvrm c
..\elvrm l
..\elvrm u
..\elvrm d
..\elvrm e
..etc.
.etc.

 [2]
[3] [4] [5] [6]
Chapter 2.
[7

] [8]
Chapter 3.

Underfull \vbox (badness 2922) has occurred while \output is active
\vbox(530.0+0.0)x362.0, glue set 3.08348
.\write-{}
.\write1{\@writefile{toc}{\string\contentsline\space {chapter}{\string\numberl\
ETC.}
.\mark{{\uppercase {Chapter\ 3. \ Files}}{}}
.\write1{\@writefile{lof}{\string\addvspace\space {10pt}}}
.\write1{\@writefile{lot}{\string\addvspace\space {10pt}}}
.etc.

 [9

]
Underfull \hbox (badness 10000) in paragraph at lines 317--318
[]\elvrm a string con-tain-ing ``\elvbf RIM

\hbox(7.60416+2.12917)x192.0, glue set 12.21574
.\hbox(0.0+0.0)x0.0
.\elvrm a
.\glue 3.65 plus 1.825 minus 1.21666
.\elvrm s
.\elvrm t
.etc.

[10]
Overfull \hbox (3.44933pt too wide) in paragraph at lines 356--359
[] []\elvrm records of the re-la-tion ta-ble. Each record of ZRELL

\hbox(8.2125+2.73749)x302.0, glue set - 1.0
.\hbox(0.0+0.0)x0.0
.\glue 0.0
.\hbox(8.2125+2.73749)x64.28543
..\glue 0.0
..\glue -22.0
..\glue -8.0
..\hbox(8.2125+2.73749)x86.28543
...\elvbf w
...\kern-0.3498
...\elvbf o
...\elvbf r
...\elvbf d
...etc.
..\glue 8.0
.\penalty 0
.\elvrm r
.etc.

[11]
Overfull \hbox (6.2417pt too wide) in paragraph at lines 484--493
[]\elvrm Each row of the at-tribute ta-ble oc-cu-pies 14 (ZATTL = 6+2*Z)

\hbox(8.2125+2.73749)x302.0, glue set - 1.0
.\hbox(0.0+0.0)x16.42503
.\elvrm E
.\elvrm a
.\elvrm c
.\kern-0.30418
.etc.

[12] [13]
Underfull \hbox (badness 10000) in paragraph at lines 514--515
[]\elvrm a string con-tain-ing ``\elvbf RIM

\hbox(7.60416+2.12917)x192.0, glue set 12.21574
.\hbox(0.0+0.0)x0.0
.\elvrm a
.\glue 3.65 plus 1.825 minus 1.21666
.\elvrm s
.\elvrm t
.etc.

[14] [15]
Underfull \hbox (badness 10000) in paragraph at lines 670--671
[]\elvrm a string con-tain-ing ``\elvbf RIM

\hbox(7.60416+2.12917)x192.0, glue set 12.21574
.\hbox(0.0+0.0)x0.0
.\elvrm a
.\glue 3.65 plus 1.825 minus 1.21666
.\elvrm s
.\elvrm t
.etc.


Underfull \hbox (badness 1052) in paragraph at lines 683--684
[]\elvrm free-page record chain (not presently

\hbox(8.2125+2.73749)x192.0, glue set 2.19302
.\hbox(0.0+0.0)x0.0
.\elvrm f
.\elvrm r
.\elvrm e
.\elvrm e
.etc.


Underfull \hbox (badness 1052) in paragraph at lines 684--685
[]\elvrm free-page record chain (not presently

\hbox(8.2125+2.73749)x192.0, glue set 2.19302
.\hbox(0.0+0.0)x0.0
.\elvrm f
.\elvrm r
.\elvrm e
.\elvrm e
.etc.

[16] [17]
Underfull \vbox (badness 10000) has occurred while \output is active
\vbox(530.0+0.0)x362.0
.\glue(\topskip) 2.39584
.\hbox(7.60416+2.12917)x362.0, glue set 0.5338
..\elvrm a
..\elvrm c
..\elvrm t
..\elvrm u
..\elvrm a
..etc.
.\glue(\baselineskip) 3.86668
.\hbox(7.60416+2.12917)x362.0, glue set 0.1206
..\elvrm i
..\elvrm s
..\glue 3.65 plus 1.825 minus 1.21666
..\elvrm o
..\elvrm n
..etc.
.\glue(\baselineskip) 3.86668
.etc.

 [18]
[19] [20] [21] [22] [23] (rimint.aux) 
Here is how much of TeX's memory you used:
 235 strings out of 1512
 2077 string characters out of 9036
 37495 words of memory out of 65531
 2146 multiletter control sequences out of 3000
 20228 words of font info for 76 fonts, out of 36000 for 120
 14 hyphenation exceptions out of 307
 21i,17n,17p,172b,321s stack positions out of 200i,40n,60p,500b,2000s

Output written on rimint.dvi (29 pages, 50392 bytes).
