This is TeX, C Version 2.95 (preloaded format=lplain 90.1.16)  9 FEB 1990 11:30
**&lplain rimref
(rimref.tex
LaTeX Version 2.09 <4 Aug 1988>
(UCSman.sty
[UCS manual style. November 10, 1989]
(/usr/local/lib/tex/inputs/book.sty
Document Style `book' <26 Apr 88>.
(/usr/local/lib/tex/inputs/bk11.sty)
\descriptionmargin=\dimen99
\c@part=\count78
\c@chapter=\count79
\c@section=\count80
\c@subsection=\count81
\c@subsubsection=\count82
\c@paragraph=\count83
\c@subparagraph=\count84
\c@figure=\count85
\c@table=\count86
) (/usr/local/lib/tex/inputs/makeidx.sty)
\Hwidth=\dimen100
\@indexfile=\write3

Writing index file rimref.idx 
(/usr/local/lib/tex/inputs/fleqn.sty
\mathindent=\dimen101
))
\Rimdemobox=\box25
 (rimref.aux) [-1

] [-2] (rimref.toc
[-1

] [-2] [-3])
\tf@toc=\write4
 [-4] (rimref.lof)
\tf@lof=\write5
 [-5

] [-6

] [-7] [-8

]
Chapter 1.
[1

] [2] [3]
Overfull \hbox (6.46797pt too wide) in paragraph at lines 281--290
\elvrm much sup-port for load-ing, un-load-ing, main-tain-ing, and re-port-ing 
on databases.

\hbox(7.60416+2.12917)x362.0, glue set - 1.0
.\elvrm m
.\kern-0.30418
.\elvrm u
.\elvrm c
.\kern-0.30418
.etc.

[4] [5] [6

]
Chapter 2.
[7]
Overfull \hbox (0.69016pt too wide) in paragraph at lines 351--353
[] []\elvrm An in-te-ger vec-tor col-umn is a fixed or vari-able length,

\hbox(7.60416+2.12917)x302.0, glue set - 1.0
.\hbox(0.0+0.0)x0.0
.\glue 0.0
.\hbox(7.60416+2.12917)x54.30733
..\glue 0.0
..\glue -22.0
..\glue -8.0
..\hbox(7.60416+2.12917)x76.30733
...\elvbf i
...\elvbf n
...\kern-0.3498
...\elvbf t
...\elvbf e
...etc.
..\glue 8.0
.\penalty 0
.\elvrm A
.etc.


Overfull \hbox (5.83691pt too wide) in paragraph at lines 372--376
[] []\elvrm A dou-ble ma-trix col-umn is a two-dimensional, double-

\hbox(7.60416+2.12917)x302.0, glue set - 1.0
.\hbox(0.0+0.0)x0.0
.\glue 0.0
.\hbox(7.60416+0.0)x55.5924
..\glue 0.0
..\glue -22.0
..\glue -8.0
..\hbox(7.60416+0.0)x77.5924
...\elvbf d
...\elvbf o
...\elvbf u
...\elvbf b
...\elvbf l
...etc.
..\glue 8.0
.\penalty 0
.\elvrm A
.etc.


Overfull \hbox (4.83353pt too wide) in paragraph at lines 372--376
\elvrm precision ar-ray. It may have ei-ther fixed length rows and columns,

\hbox(7.60416+2.12917)x302.0, glue set - 1.0
.\elvrm p
.\elvrm r
.\elvrm e
.\elvrm c
.\elvrm i
.etc.

[8] [9]
Overfull \hbox (26.52052pt too wide) in paragraph at lines 436--440
[] []\elvrm specified by the \elvbf de-fine pass-words \elvrm sub-command,

\hbox(7.60416+2.12917)x302.0, glue set - 1.0
.\hbox(0.0+0.0)x0.0
.\glue 0.0
.\hbox(7.60416+2.12917)x91.5249
..\glue 0.0
..\glue -22.0
..\glue -8.0
..\hbox(7.60416+2.12917)x113.5249
...\elvbf t
...\elvbf a
...\elvbf b
...\elvbf l
...\elvbf e
...etc.
..\glue 8.0
.\penalty 0
.\elvrm s
.etc.

[10] [11] [12]
Chapter 3.
[13

] [14] [15] [16] [17]
Underfull \hbox (badness 1107) in paragraph at lines 757--761
[]\elvit string \elvrm = a rea-son-able com-bi-na-tion of \elvbf ss

\hbox(7.60416+2.12917)x216.0, glue set 2.23035
.\hbox(0.0+0.0)x0.0
.\elvit s
.\elvit t
.\elvit r
.\elvit i
.etc.

[18] [19] [20] [21] [22]
Underfull \hbox (badness 2229) in paragraph at lines 965--967
[]\elvrm Sample seems con-tam-i-nated

\hbox(7.60416+2.12917)x144.54, glue set 2.81664
.\hbox(0.0+0.0)x0.0
.\elvrm S
.\elvrm a
.\elvrm m
.\elvrm p
.etc.

[23] [24] [25] [26] [27] [28] [29] [30] [31] [32] [33] [34] [35] [36] [37]
[38] [39] [40] [41] [42] [43] [44] [45] [46] [47] [48] [49] [50

]
Chapter 4.
[51] [52] [53] [54] [55] [56

]
Chapter 5.
[57] [58] [59]
Overfull \hbox (13.87105pt too wide) in paragraph at lines 2191--2195
[] []\elvrm Vector and ma-trix el-e-ments may be spec-i-fied by \elvit name\elv
bf (\elvit item\elvbf ) \elvrm or \elvit name\elvbf (\elvit row

\hbox(8.2125+2.73749)x332.0, glue set - 1.0
.\hbox(0.0+0.0)x0.0
.\glue 0.0
.\hbox(7.05666+0.0)x0.0
..\glue 0.0
..\glue -22.0
..\glue -8.0
..\hbox(7.05666+0.0)x22.0, glue set 22.0fil
...\glue 0.0 plus 1.0fil minus 1.0fil
...\hbox(7.05666+0.0)x0.0, glue set - 8.51668fil []
..\glue 8.0
.\penalty 0
.\elvrm V
.etc.

[60] [61] [62] [63] [64] [65] [66] [67] [68] [69] [70] [71] [72] [73] [74]
[75] [76] [77] [78] [79] [80

]
Chapter 6.
[81] [82] [83]
Overfull \hbox (9.4228pt too wide) detected at line 3061
$ []$ 

\hbox(23.13748+17.66249)x362.0
.\mathon
.\glue 30.0
.\hbox(23.13748+17.66249)x341.4228
..\kern -6.0
..\hbox(23.13748+17.66249)x347.4228
...\mathon
...\vbox(23.13748+17.66249)x347.4228 []
...\mathoff
.\mathoff
.\glue 0.0 plus 1.0fil

[84] [85] [86] [87] [88] [89] [90

]
Appendix A.
[91] [92] [93] [94] [95] [96] [97] [98

]
Appendix B.
[99] [100] [101] [102

] (rimref.ind [103

] [104] [105

]) (rimref.aux) 
Here is how much of TeX's memory you used:
 280 strings out of 1514
 2559 string characters out of 9046
 40047 words of memory out of 65531
 2185 multiletter control sequences out of 3000
 20396 words of font info for 77 fonts, out of 36000 for 120
 14 hyphenation exceptions out of 307
 23i,19n,21p,217b,400s stack positions out of 200i,40n,60p,2000b,2000s

Output written on rimref.dvi (115 pages, 183560 bytes).
