 
Lower left: 

lat=44.22.32.314495N
lon=103.52.13.172581W
 
Upper left: 

lat=44.30.05.971997N
lon=103.52.04.421414W
 
Upper right: 

lat=44.29.56.544458N
lon=103.37.44.245315W
 
Lower right: 

lat=44.22.22.92806N
lon=103.37.54.842187W
 
Lower left: 

lat=44.22.32.314495N
lon=103.52.13.172581W
 
Upper left: 

lat=44.30.05.971997N
lon=103.52.04.421414W
 
Upper right: 

lat=44.29.56.544458N
lon=103.37.44.245315W
 
Lower right: 

lat=44.22.22.92806N
lon=103.37.54.842187W
 
Lower left: 

lat=44.22.32.314495N
lon=103.52.13.172581W
 
Upper left: 

lat=44.30.05.971997N
lon=103.52.04.421414W
 
Upper right: 

lat=44.29.56.544458N
lon=103.37.44.245315W
 
Lower right: 

lat=44.22.22.92806N
lon=103.37.54.842187W
