
    1	New_tty [tty.c]
    2		stty

    3	Old_tty [tty.c]
    4		stty

    5	Replot_screen [curses.c]
    6		wrefresh

    7	check_nodes [chk_nodes.c]
    8		fabs

    9	fill_out [fill_out.c]

   10	line_sorter [sort_lines.c]

   11	main [main.c]
   12		setbuf
   13		printf
   14		exit
   15		G_gisinit
   16		Init_curses [curses.c]
   17			Get_old_tty [tty.c]
   18				gtty
   19			initscr
   20			stty
   21			Get_new_tty [tty.c]
   22				gtty
   23			newwin
   24			Clear_base [curses.c]
   25				wclear
   26				werase
   27				touchwin
   28				box
   29				wrefresh
   30			Clear_info [curses.c]
   31				wclear
   32				werase
   33				touchwin
   34				box
   35				wrefresh
   36		sprintf
   37		Write_info [curses.c]
   38			wmove
   39			wclrtoeol
   40			waddstr
   41			wrefresh
   42		fopen
   43		sleep
   44		Clear_info [see line 30]
   45		read_digit_head [read_head.c]
   46			falloc
   47			fseek
   48			fread
   49			sprintf
   50			strcpy
   51			Write_base [curses.c]
   52				wmove
   53				wclrtoeol
   54				waddstr
   55				wrefresh
   56			Write_info [see line 37]
   57			sleep
   58			free
   59		Close_curses [curses.c]
   60			wclear
   61			wrefresh
   62			mvcur
   63			endwin
   64		quit [quit.c]
   65			curses_yes_no [curses.c]
   66				Write_info [see line 37]
   67				wgetch
   68				sleep
   69		init_graphics
   70		Clear_base [see line 24]
   71		do_graphics
   72		save_first_window [windows.c]
   73		window_conversions
   74		R_color
   75		D_translate_color
   76		D_erase_window
   77		outline_window
   78		read_digit [read_digit.c]
   79			falloc
   80			fread
   81			frealloc
   82			ftell
   83			sprintf
   84			Write_info [see line 37]
   85			plot_points
   86			calc_angles [calc_angl.c]
   87				fabs
   88				atan2
   89			sleep
   90		find_nodes [find_nodes.c]
   91			R_color
   92			D_translate_color
   93			Blot
   94			fabs
   95			R_flush
   96			sprintf
   97			Write_info [see line 37]
   98			sleep
   99			Clear_info [see line 30]
  100		group_nodes [grp_nodes.c]
  101			falloc
  102			frealloc
  103			Write_info [see line 37]
  104			sleep
  105		sort_lines_on_nodes [sort_lines.c]
  106			qsort
  107		do_areas [do_areas.c]
  108			falloc
  109			abs
  110			check_line [line_rout.c]
  111				abs
  112			find_perimeter_auto [find_perim.c]
  113				falloc
  114				frealloc
  115				next_line [line_rout.c]
  116					abs
  117				check_line [see line 110]
  118			sprintf
  119			Write_info [see line 37]
  120			sleep
  121			do_graphics
  122			show_line [show_line.c]
  123				abs
  124				fseek
  125				fread
  126				plot_points
  127			Clear_info [see line 30]
  128			curses_yes_no [see line 65]
  129			do_window [windows.c]
  130				Clear_info [see line 30]
  131				Clear_base [see line 24]
  132				Write_base [see line 51]
  133				Write_info [see line 37]
  134				Get_curses_text [curses.c]
  135					wgetch
  136					waddch
  137					wrefresh
  138					wmove
  139				push_window [windows.c]
  140					Clear_base [see line 24]
  141					Write_info [see line 37]
  142					sleep
  143					Clear_info [see line 30]
  144					make_window [make_windw.c]
  145						Write_base [see line 51]
  146						get_D_west
  147						get_D_south
  148						screen_to_utm
  149						R_get_location_with_box
  150						sprintf
  151						Clear_info [see line 30]
  152						Clear_base [see line 24]
  153						Write_info [see line 37]
  154						Get_curses_text [see line 134]
  155					window_conversions
  156				pop_window [windows.c]
  157					window_conversions
  158			redraw_window [redraw.c]
  159				R_color
  160				D_translate_color
  161				D_erase_window
  162				outline_window
  163				read_digit_head [see line 45]
  164				replot [replot.c]
  165					falloc
  166					fread
  167					frealloc
  168					plot_points
  169					free
  170			uncheck_line [line_rout.c]
  171				abs
  172			find_perimeter_interact [find_perim.c]
  173				falloc
  174				show_line [see line 122]
  175				Clear_info [see line 30]
  176				frealloc
  177				get_next_line_auto [find_perim.c]
  178					next_line [see line 115]
  179					check_line [see line 110]
  180					show_line [see line 122]
  181					curses_yes_no [see line 65]
  182					do_window [see line 129]
  183					redraw_window [see line 158]
  184					uncheck_line [see line 170]
  185				curses_yes_no [see line 65]
  186			find_area [find_area.c]
  187				abs
  188				fseek
  189				fread
  190				hypot
  191			frealloc
  192			D_save
  193			free
  194		unlink
  195		do_islands [do_islands.c]
  196			quick_check [chk_inside.c]
  197			check_inside [chk_inside.c]
  198				abs
  199				fseek
  200				fread
  201				x_intersect [chk_inside.c]
  202				fabs
  203			falloc
  204			frealloc
  205		define_universe [define_unv.c]
  206			box_universe [define_unv.c]
  207			Write_info [see line 37]
  208			sleep
  209			do_window [see line 129]
  210			redraw_window [see line 158]
  211			plot_points
  212			Clear_base [see line 24]
  213			Clear_info [see line 30]
  214			Write_base [see line 51]
  215			Get_curses_char [curses.c]
  216				wgetch
  217			make_universe [make_univ.c]
  218				Clear_base [see line 24]
  219				Write_base [see line 51]
  220				get_D_west
  221				get_D_south
  222				screen_to_utm
  223				R_get_location_with_box
  224				sprintf
  225			fflush
  226			_flsbuf
  227		write_bdlg_head [w_bdlg_hd.c]
  228			fwrite
  229		write_nodes [wrt_nodes.c]
  230			fwrite
  231		write_univ_node [wrt_univ.c]
  232			fwrite
  233		write_univ_areas [wrt_univ.c]
  234			fwrite
  235		write_areas [wrt_areas.c]
  236			fwrite
  237		write_lines [wrt_lines.c]
  238			fseek
  239			fread
  240			snap_ends [wrt_lines.c]
  241			bound_box [bound_box.c]
  242				atof
  243				fabs
  244			find_sides [find_sides.c]
  245			fwrite
  246			free
  247		write_univ_lines [wrt_univ.c]
  248			bound_box [see line 241]
  249			fwrite
  250		fflush
  251		fclose
  252		R_close_driver

  253	read_bdlg_head [r_bdlg_hd.c]
  254		fread
  255		strncmp
  256		strncpy
  257		strlen
  258		Write_info [see line 37]
  259		sleep

  260	write_dlg_header [w_dlg_head.c]
  261		fprintf
  262		_put_dtype [w_dlg_head.c]
  263			sprintf
  264			strchr
  265		printf
  266		exit
