(320) warning: improper pointer/integer combination: arg #4

static unused
    (1017) __XGDVectColors    (1012) __XGDMonoColors    (493) __XGDfillPatternButtonTable    (456) __XGDlinePatternButtonTable
    (87) solidline_bits    (80) short_dashed_bits    (59) odd_dashed_bits    (52) long_dashed_bits
    (38) dotted_bits    (31) dot_dashed_bits    (167) edit_bm_bits    (153) bdlg_bm_bits
    (139) dlg_bm_bits    (125) region_bm_bits    (111) label_bm_bits    (97) icon_bm_bits
    (83) fs_bm_bits     (69) images_bm_bits    (55) sites_bm_bits    (41) vector_bm_bits
    (27) avector_bm_bits    (13) raster_bm_bits    (3) GRASS_copyright    (193) mknod
    (192) lstat         (190) stat          (189) fstat     

argument unused in function
    (182) w in BrushEditCB
    (182) cld in BrushEditCB
    (182) cad in BrushEditCB
    (474) cad in brushButtonCB
    (524) w in inputListCB
    (524) cld in inputListCB
    (563) w in opListCB
    (563) cld in opListCB
    (602) cld in valueTextCB
    (602) cad in valueTextCB
    (648) w in brushOkCB
    (648) cld in brushOkCB
    (648) cad in brushOkCB
    (686) w in hotButtonCB
    (686) cld in hotButtonCB
    (686) cad in hotButtonCB
    (722) w in matchButtonCB
    (722) cld in matchButtonCB
    (722) cad in matchButtonCB
    (771) cld in brushEditCancelCB
    (771) cad in brushEditCancelCB

set but not used in function
    (219) opLabel in BrushEdit
    (216) inputLabel in BrushEdit
    (211) infoSep in BrushEdit
    (210) valueLabel in BrushEdit
    (209) posLabel in BrushEdit
    (206) brushLabel in BrushEdit

implicitly declared to return int
    (231) XgError       (322) XgAddHelpCallBackFromFile


stdlib.h (as included in brushedit.c)
=================
(62) warning: identifier redeclared: calloc
(64) warning: identifier redeclared: malloc
(65) warning: identifier redeclared: realloc


xgreproto.h (as included in brushedit.c)
=================
(134) warning: old-style declaration; add "int"
(140) warning: old-style declaration; add "int"
(146) warning: old-style declaration; add "int"
(329) warning: old-style declaration; add "int"
(331) warning: old-style declaration; add "int"

name used but not defined
    XmStringGetLtoR  	brushedit.c(542)
    XmStringFree     	brushedit.c(290)
    UpdateBrushText  	brushedit.c(677)
    XmCreateScrolledList 	brushedit.c(421)
    xmTextFieldWidgetClass 	brushedit.c(782)
    Global           	brushedit.c(782)
    XmTextFieldGetString 	brushedit.c(619)
    XmTextFieldSetString 	brushedit.c(543)
    XgError          	brushedit.c(231)
    XgAddHelpCallBackFromFile 	brushedit.c(322)
    XgdGetVectColorPixelByName 	brushedit.c(329)
    XtDestroyWidget  	brushedit.c(674)
    XtAddCallback    	brushedit.c(256)
    xmPushButtonWidgetClass 	brushedit.c(782)
    XtManageChild    	brushedit.c(422)
    xmRowColumnWidgetClass 	brushedit.c(782)
    XtVaCreateManagedWidget 	brushedit.c(265)
    XgCreateInteractorDialog 	brushedit.c(255)
    xmSeparatorWidgetClass 	brushedit.c(782)
    xmFormWidgetClass 	brushedit.c(782)
    XmStringCreateSimple 	brushedit.c(286)
    XtVaSetValues    	brushedit.c(329)
    xmFrameWidgetClass 	brushedit.c(782)
    XtVaGetValues    	brushedit.c(259)
    xmLabelWidgetClass 	brushedit.c(782)
    XmStringCreateLtoR 	brushedit.c(318)

name defined but never used
    __XGDVectPixels  	xgrass_dlib.h(1031)
    BrushEditCB      	brushedit.c(189)

name declared but never used or defined
    XtFree           	Intrinsic.h(2091)
    G_fread_key_value 	gisdefs.h(114)
    XAutoRepeatOff   	Xlib.h(1979)
    XtUninstallTranslations 	Intrinsic.h(821)
    XtAddWorkProc    	Intrinsic.h(2149)
    XmTextReplace    	Text.h(102)
    XmToggleButtonSetState 	ToggleB.h(87)
    XgdSetLegendBorderColor 	xgrass_dlib.h(657)
    XGetWMHints      	Xutil.h(469)
    EditUndoCB       	xgreproto.h(210)
    XRemoveHost      	Xlib.h(3366)
    XtAppSetErrorMsgHandler 	Intrinsic.h(1906)
    XmListAddItem    	List.h(84)
    XAutoRepeatOn    	Xlib.h(1985)
    XtAppAddWorkProc 	Intrinsic.h(2157)
    XmStringGetNextSegment 	Xm.h(1848)
    G_read_key_value_file 	gisdefs.h(115)
    XmTextInsert     	Text.h(103)
    EditCellAddressRange 	xgreproto.h(223)
    XGetWMIconName   	Xutil.h(477)
    XRemoveHosts     	Xlib.h(3374)
    XtAppAddActions  	Intrinsic.h(829)
    XmListAddItems   	List.h(85)
    XBell            	Xlib.h(1992)
    XmCreateToggleButton 	ToggleB.h(88)
    XgdResizePixmap  	xgrass_dlib.h(667)
    XmTextSetAddMode 	Text.h(104)
    XtSetErrorMsgHandler 	Intrinsic.h(1912)
    XtRemoveWorkProc 	Intrinsic.h(2163)
    XReparentWindow  	Xlib.h(3384)
    XBitmapBitOrder  	Xlib.h(1998)
    XGetWMName       	Xutil.h(485)
    G_get_projunits  	gisdefs.h(116)
    XtAddActions     	Intrinsic.h(836)
    XmListAddItemUnselected 	List.h(86)
    EditUndo         	xgreproto.h(232)
    XGetWMNormalHints 	Xutil.h(494)
    XgdCreateObject  	xgrass_dlib.h(673)
    XmTextGetAddMode 	Text.h(105)
    AddToUndoBuffer  	xgreproto.h(240)
    XResetScreenSaver 	Xlib.h(3390)
    XtGetGC          	Intrinsic.h(2177)
    xmToggleButtonWidgetClass 	ToggleB.h(112)
    XBitmapPad       	Xlib.h(2004)
    XtAppAddActionHook 	Intrinsic.h(844)
    XtAppSetWarningMsgHandler 	Intrinsic.h(1919)
    G_get_projinfo   	gisdefs.h(117)
    XmFontListCreate 	Xm.h(1850)
    XtAllocateGC     	Intrinsic.h(2188)
    XBitmapUnit      	Xlib.h(2010)
    XgdDestroyObject 	xgrass_dlib.h(679)
    XGetWMSizeHints  	Xutil.h(504)
    XmListDeleteItem 	List.h(87)
    XmTextGetEditable 	Text.h(106)
    ClearUndoBuffer  	xgreproto.h(245)
    XResizeWindow    	Xlib.h(3399)
    G_find_key_value 	gisdefs.h(118)
    XtDestroyGC      	Intrinsic.h(2198)
    XtRemoveActionHook 	Intrinsic.h(850)
    XmStringCreateFontList 	Xm.h(1851)
    XCellsOfScreen   	Xlib.h(2016)
    XgdGetGCOfObject 	xgrass_dlib.h(685)
    XGetZoomHints    	Xutil.h(512)
    XtSetWarningMsgHandler 	Intrinsic.h(1925)
    XmListDeleteItems 	List.h(88)
    FileClose        	xgreproto.h(257)
    XRestackWindows  	Xlib.h(3407)
    XtReleaseGC      	Intrinsic.h(2205)
    XmTextSetEditable 	Text.h(107)
    XChangeActivePointerGrab 	Xlib.h(2025)
    _XgTokenize      	xgrass_lib.h(32)
    XtGetActionList  	Intrinsic.h(858)
    FileRemove       	xgreproto.h(265)
    XIntersectRegion 	Xutil.h(520)
    XtAppReleaseCacheRefs 	Intrinsic.h(2214)
    XmFontListFree   	Xm.h(1852)
    XgdSetObjectPosition 	xgrass_dlib.h(693)
    xbaeCaptionWidgetClass 	Caption.h(70)
    XRotateBuffers   	Xlib.h(3414)
    XmListDeletePos  	List.h(89)
    XmTextGetMaxLength 	Text.h(108)
    _XgFreeTokens    	xgrass_lib.h(33)
    FileOpen         	xgreproto.h(277)
    XtAppErrorMsg    	Intrinsic.h(1937)
    XtCallActionProc 	Intrinsic.h(868)
    XLookupString    	Xutil.h(530)
    XmFontListAdd    	Xm.h(1853)
    FileResume       	xgreproto.h(289)
    XRotateWindowProperties 	Xlib.h(3424)
    XChangeGC        	Xlib.h(2034)
    XmListDeleteItemsPos 	List.h(90)
    _XgNumberOfTokens 	xgrass_lib.h(34)
    XtErrorMsg       	Intrinsic.h(1948)
    XtCallbackReleaseCacheRef 	Intrinsic.h(2222)
    XgdGetObjectPosition 	xgrass_dlib.h(701)
    XmTextSetMaxLength 	Text.h(109)
    FileSaveAs       	xgreproto.h(301)
    XChangeKeyboardControl 	Xlib.h(2042)
    XtRegisterGrabAction 	Intrinsic.h(878)
    XMatchVisualInfo 	Xutil.h(540)
    XmFontListCopy   	Xm.h(1854)
    XpmCreatePixmapFromData 	xpm.h(125)
    XtAppWarningMsg  	Intrinsic.h(1960)
    _XgStrDup        	xgrass_lib.h(37)
    HandleExposeEvents 	xgreproto.h(314)
    XmListDeleteAllItems 	List.h(91)
    XScreenCount     	Xlib.h(3430)
    XgdInitObject    	xgrass_dlib.h(712)
    XmTextGetTopCharacter 	Text.h(110)
    XmFontListInitFontContext 	Xm.h(1855)
    XOffsetRegion    	Xutil.h(548)
    XtCallbackReleaseCacheRefList 	Intrinsic.h(2230)
    _XgDirectoryNotEmpty 	xgrass_lib.h(40)
    XtWarningMsg     	Intrinsic.h(1971)
    XtSetMultiClickTime 	Intrinsic.h(885)
    XChangeKeyboardMapping 	Xlib.h(2052)
    XSelectInput     	Xlib.h(3438)
    XpmCreateDataFromPixmap 	xpm.h(132)
    XgdSetObjectFillPattern 	xgrass_dlib.h(721)
    HandleMouseEvents 	xgreproto.h(323)
    XPointInRegion   	Xutil.h(556)
    XtAppSetErrorHandler 	Intrinsic.h(1978)
    XmListReplaceItems 	List.h(92)
    XmTextSetTopCharacter 	Text.h(111)
    XSendEvent       	Xlib.h(3448)
    _XgDirectoryListing 	xgrass_lib.h(41)
    XtGetMultiClickTime 	Intrinsic.h(891)
    XmFontListGetNextFont 	Xm.h(1856)
    XChangePointerControl 	Xlib.h(2063)
    KillRasterDialogs 	xgreproto.h(329)
    XPolygonRegion   	Xutil.h(564)
    XtSetWMColormapWindows 	Intrinsic.h(2238)
    XSetAccessControl 	Xlib.h(3455)
    XpmReadFileToPixmap 	xpm.h(138)
    XmListReplaceItemsPos 	List.h(93)
    XgdSetObjectBackground 	xgrass_dlib.h(728)
    XmTextGetCursorPosition 	Text.h(112)
    _XgFreeDirectoryListing 	xgrass_lib.h(42)
    XtGetActionKeysym 	Intrinsic.h(898)
    XRectInRegion    	Xutil.h(574)
    XSetStandardProperties 	Xutil.h(640)
    XmFontListFreeFontContext 	Xm.h(1857)
    KillBrushDialogs 	xgreproto.h(331)
    XChangeProperty  	Xlib.h(2076)
    XSetArcMode      	Xlib.h(3463)
    XpmWriteFileFromPixmap 	xpm.h(145)
    XtFindFile       	Intrinsic.h(2247)
    XmListSelectItem 	List.h(94)
    XgdSetObjectForeground 	xgrass_dlib.h(735)
    XSaveContext     	Xutil.h(583)
    XtTranslateKeycode 	Intrinsic.h(914)
    XSetBackground   	Xlib.h(3471)
    CreateLayout     	xgreproto.h(341)
    XtResolvePathname 	Intrinsic.h(2260)
    XmTextGetInsertionPosition 	Text.h(113)
    XChangeSaveSet   	Xlib.h(2084)
    _XgPutDirectoryInList 	xgrass_lib.h(43)
    XSetTextProperty 	Xutil.h(649)
    XSetClassHint    	Xutil.h(591)
    XmStringConcat   	Xm.h(1858)
    XmListSelectPos  	List.h(95)
    XpmCreateImageFromData 	xpm.h(151)
    LoadImage        	xgreproto.h(347)
    XSetClipMask     	Xlib.h(3479)
    XtTranslateKey   	Intrinsic.h(924)
    XgdSetObjectLinePattern 	xgrass_dlib.h(743)
    XChangeWindowAttributes 	Xlib.h(2093)
    XtDisownSelection 	Intrinsic.h(2276)
    XSetWMClientMachine 	Xutil.h(657)
    XSetIconSizes    	Xutil.h(600)
    RedrawImage      	xgreproto.h(355)
    XmStringNConcat  	Xm.h(1859)
    _XgCopyStringArray 	xgrass_lib.h(46)
    XmListDeselectItem 	List.h(96)
    XSetClipOrigin   	Xlib.h(3488)
    XmTextSetCursorPosition 	Text.h(114)
    XtSetKeyTranslator 	Intrinsic.h(931)
    XpmCreateDataFromImage 	xpm.h(157)
    HighlightImagePixel 	xgreproto.h(362)
    XSetNormalHints  	Xutil.h(608)
    XtGetSelectionValue 	Intrinsic.h(2287)
    XmStringCopy     	Xm.h(1860)
    XSetWMHints      	Xutil.h(665)
    XgdConfigureObject 	xgrass_dlib.h(753)
    XCheckIfEvent    	Xlib.h(2108)
    XSetClipRectangles 	Xlib.h(3500)
    _XgStringArraySearch 	xgrass_lib.h(47)
    XmListDeselectPos 	List.h(97)
    XtRegisterCaseConverter 	Intrinsic.h(940)
    XSetRGBColormaps 	Xutil.h(618)
    XSetWMIconName   	Xutil.h(673)
    XmStringNCopy    	Xm.h(1861)
    XmTextSetInsertionPosition 	Text.h(115)
    CreateMenuBar    	xgreproto.h(372)
    XCheckMaskEvent  	Xlib.h(2116)
    XtGetSelectionValues 	Intrinsic.h(2299)
    XpmReadFileToImage 	xpm.h(163)
    XgdCreateFillPixmap 	xgrass_dlib.h(762)
    XSetCloseDownMode 	Xlib.h(3507)
    XmListDeselectAllItems 	List.h(98)
    _XgStringArrayTotalLength 	xgrass_lib.h(48)
    XmStringByteCompare 	Xm.h(1862)
    XSetWMName       	Xutil.h(681)
    XSetSizeHints    	Xutil.h(627)
    CancelCB         	xgreproto.h(380)
    XCheckTypedEvent 	Xlib.h(2124)
    XtConvertCase    	Intrinsic.h(949)
    XpmWriteFileFromImage 	xpm.h(169)
    read_colors      	xgreproto.h(393)
    XSetCommand      	Xlib.h(3516)
    XSetWMNormalHints 	Xutil.h(689)
    XtAppSetSelectionTimeout 	Intrinsic.h(2306)
    XmTextRemove     	Text.h(116)
    XgdAddPointToPointList 	xgrass_dlib.h(770)
    XmListSetPos     	List.h(99)
    XmStringCompare  	Xm.h(1863)
    XCheckTypedWindowEvent 	Xlib.h(2133)
    XtAddEventHandler 	Intrinsic.h(970)
    read_range       	xgreproto.h(406)
    XSetDashes       	Xlib.h(3526)
    _XgSortStringArray 	xgrass_lib.h(49)
    XDefaultDepth    	Xlib.h(2262)
    XmTextCopy       	Text.h(117)
    XSetWMProperties 	Xutil.h(703)
    XmListSetBottomPos 	List.h(100)
    XpmAttributesSize 	xpm.h(175)
    write_range      	xgreproto.h(415)
    XSetFillRule     	Xlib.h(3534)
    XmStringLength   	Xm.h(1864)
    IsCatInList      	xgrass_dlib.h(780)
    XtSetSelectionTimeout 	Intrinsic.h(2312)
    XmTextCut        	Text.h(118)
    XDefaultDepthOfScreen 	Xlib.h(2268)
    XtRemoveEventHandler 	Intrinsic.h(980)
    _XgFreeStringArray 	xgrass_lib.h(50)
    XCheckWindowEvent 	Xlib.h(2142)
    RasterToSegment  	xgreproto.h(424)
    XmbSetWMProperties 	Xutil.h(717)
    XmTextPaste      	Text.h(119)
    XSetFillStyle    	Xlib.h(3542)
    XgdDrawLegend    	xgrass_dlib.h(786)
    XpmFreeAttributes 	xpm.h(176)
    XmStringEmpty    	Xm.h(1865)
    XmListSetItem    	List.h(101)
    XLoadQueryFont   	Xlib.h(1198)
    XtAppGetSelectionTimeout 	Intrinsic.h(2318)
    XmTextGetSelection 	Text.h(120)
    XtAddRawEventHandler 	Intrinsic.h(990)
    XDefaultScreen   	Xlib.h(2274)
    XSetFont         	Xlib.h(3550)
    _XgStringArray2XmStringTable 	xgrass_lib.h(51)
    XgdRedrawGeoframe 	xgrass_dlib.h(792)
    SegmentToRaster  	xgreproto.h(433)
    XCirculateSubwindows 	Xlib.h(2150)
    XmStringHasSubstring 	Xm.h(1866)
    XmListSetBottomItem 	List.h(102)
    XSetWMSizeHints  	Xutil.h(726)
    XgdUpdateSiteStd 	xgrass_dlib.h(28)
    XQueryFont       	Xlib.h(1205)
    XSetFontPath     	Xlib.h(3558)
    XDefineCursor    	Xlib.h(2282)
    XmTextSetSelection 	Text.h(121)
    OpenSegmentFile  	xgreproto.h(439)
    XGetMotionEvents 	Xlib.h(1216)
    XgdDrawObject    	xgrass_dlib.h(798)
    XSetRegion       	Xutil.h(734)
    XtRemoveRawEventHandler 	Intrinsic.h(1000)
    XCirculateSubwindowsDown 	Xlib.h(2157)
    XSetForeground   	Xlib.h(3566)
    XtGetSelectionTimeout 	Intrinsic.h(2324)
    XmListSetAddMode 	List.h(103)
    XgdSetStdSiteIconType 	xgrass_dlib.h(34)
    XDeleteProperty  	Xlib.h(2290)
    XgEditor         	xgrass_lib.h(54)
    XSetStandardColormap 	Xutil.h(743)
    XgdUnDrawObject  	xgrass_dlib.h(803)
    CloseSegmentFile 	xgreproto.h(441)
    XDeleteModifiermapEntry 	Xlib.h(1228)
    XmTextClearSelection 	Text.h(122)
    XSetFunction     	Xlib.h(3574)
    XmStringBaseline 	Xm.h(1868)
    XgEditStringDialog 	xgrass_lib.h(57)
    XmListItemExists 	List.h(104)
    XtInsertEventHandler 	Intrinsic.h(1011)
    XtGetSelectionRequest 	Intrinsic.h(2332)
    XDestroyWindow   	Xlib.h(2297)
    XgdSetStdSiteSize 	xgrass_dlib.h(41)
    XCirculateSubwindowsUp 	Xlib.h(2164)
    XgdDrawVector    	xgrass_dlib.h(811)
    RemoveSegmentFile 	xgreproto.h(443)
    XSetGraphicsExposures 	Xlib.h(3582)
    XSetZoomHints    	Xutil.h(751)
    XmStringWidth    	Xm.h(1869)
    XmTextGetSelectionPosition 	Text.h(123)
    XmListItemPos    	List.h(105)
    _XgFree          	xgrass_lib.h(60)
    XGetModifierMapping 	Xlib.h(1234)
    XDestroySubwindows 	Xlib.h(2304)
    XgdDrawRaster    	xgrass_dlib.h(827)
    XgdSetStdSiteWidth 	xgrass_dlib.h(48)
    XtInsertRawEventHandler 	Intrinsic.h(1022)
    _XgMalloc        	xgrass_lib.h(61)
    XShrinkRegion    	Xutil.h(759)
    XtGetSelectionValueIncremental 	Intrinsic.h(2343)
    ViewIndex        	xgreproto.h(455)
    XmStringHeight   	Xm.h(1870)
    XClearArea       	Xlib.h(2176)
    XmListGetMatchPos 	List.h(106)
    XSetIconName     	Xlib.h(3590)
    _XgCalloc        	xgrass_lib.h(62)
    XgdDrawGrid      	xgrass_dlib.h(850)
    ViewZoom         	xgreproto.h(467)
    XInsertModifiermapEntry 	Xlib.h(1246)
    XDoesBackingStore 	Xlib.h(2310)
    XStringListToTextProperty 	Xutil.h(767)
    XClearWindow     	Xlib.h(2183)
    XgdSetStdSiteColor 	xgrass_dlib.h(55)
    XmStringExtent   	Xm.h(1871)
    XmTextXYToPos    	Text.h(124)
    XSetInputFocus   	Xlib.h(3599)
    _XgRealloc       	xgrass_lib.h(63)
    UpdatePositionText 	xgreproto.h(478)
    XgdDrawBarscale  	xgrass_dlib.h(857)
    XtBuildEventMask 	Intrinsic.h(1028)
    XmListGetSelectedPos 	List.h(107)
    XCloseDisplay    	Xlib.h(2189)
    _XgGetUserName   	xgrass_lib.h(66)
    XDoesSaveUnders  	Xlib.h(2316)
    XtGetSelectionValuesIncremental 	Intrinsic.h(2355)
    XmTextPosToXY    	Text.h(125)
    XmStringLineCount 	Xm.h(1872)
    XSetLineAttributes 	Xlib.h(3610)
    XgdInitSite      	xgrass_dlib.h(64)
    XNewModifiermap  	Xlib.h(1252)
    _XgdDrawDashedBarscale 	xgrass_dlib.h(872)
    UpdateCategoryText 	xgreproto.h(485)
    XSubtractRegion  	Xutil.h(775)
    XtAddGrab        	Intrinsic.h(1036)
    XConfigureWindow 	Xlib.h(2198)
    XmListSetHorizPos 	List.h(108)
    XmTextGetSource  	Text.h(126)
    XgSelectFile     	xgrass_lib.h(69)
    XDisableAccessControl 	Xlib.h(2322)
    XgdDrawSite      	xgrass_dlib.h(74)
    XtRemoveGrab     	Intrinsic.h(1042)
    XmCreateSimpleMenuBar 	Xm.h(1908)
    XCreateImage     	Xlib.h(1267)
    XSetModifierMapping 	Xlib.h(3617)
    XmbTextListToTextProperty 	Xutil.h(785)
    XgSelectMap      	xgrass_lib.h(72)
    UpdateModeText   	xgreproto.h(492)
    XConnectionNumber 	Xlib.h(2204)
    _xgdDrawSiteStd  	xgrass_dlib.h(81)
    XmTextSetSource  	Text.h(127)
    _XgdDrawTickedBarscale 	xgrass_dlib.h(887)
    XmCreateList     	List.h(109)
    XtProcessEvent   	Intrinsic.h(1048)
    XtGrabKey        	Intrinsic.h(2366)
    XGetImage        	Xlib.h(1279)
    XDisplayCells    	Xlib.h(2330)
    _XgListMapsetsWithMaps 	xgrass_lib.h(75)
    XmCreateSimplePopupMenu 	Xm.h(1909)
    XSetPlaneMask    	Xlib.h(3625)
    XtUngrabKey      	Intrinsic.h(2374)
    _xgdDrawSitePixmap 	xgrass_dlib.h(92)
    XGetSubImage     	Xlib.h(1294)
    XConvertSelection 	Xlib.h(2215)
    XmTextShowPosition 	Text.h(128)
    XtAppProcessEvent 	Intrinsic.h(1055)
    XwcTextListToTextProperty 	Xutil.h(795)
    XDisplayHeight   	Xlib.h(2337)
    _XgdGetBarscaleLength 	xgrass_dlib.h(896)
    XtGrabKeyboard   	Intrinsic.h(2384)
    XSetPointerMapping 	Xlib.h(3633)
    XOpenDisplay     	Xlib.h(1303)
    HelpGeneral      	xgreproto.h(510)
    XgWarningDialog  	xgrass_lib.h(78)
    XgdSiteCross     	xgrass_dlib.h(99)
    XCopyArea        	Xlib.h(2230)
    XtMainLoop       	Intrinsic.h(1061)
    XmCreateSimplePulldownMenu 	Xm.h(1910)
    XmTextScroll     	Text.h(129)
    XDisplayHeightMM 	Xlib.h(2344)
    XtUngrabKeyboard 	Intrinsic.h(2391)
    HelpModal        	xgreproto.h(517)
    XrmInitialize    	Xlib.h(1309)
    XCopyGC          	Xlib.h(2239)
    XSetScreenSaver  	Xlib.h(3643)
    _xgdInitPointArray 	xgrass_dlib.h(908)
    XtAppMainLoop    	Intrinsic.h(1067)
    XgdSiteDiamond   	xgrass_dlib.h(106)
    XwcFreeStringList 	Xutil.h(801)
    InitializeScrollBars 	ScrolledW.h(78)
    XmTextGetBaseLine 	Text.h(130)
    CELL_NODATA      	gis.h(16)
    zoomHandleExposeEvents 	xgreproto.h(530)
    XCopyPlane       	Xlib.h(2255)
    XDisplayKeycodes 	Xlib.h(2352)
    XFetchBytes      	Xlib.h(1316)
    XtGrabButton     	Intrinsic.h(2405)
    XtAddExposureToRegion 	Intrinsic.h(1074)
    XSetSelectionOwner 	Xlib.h(3652)
    XgdSiteBox       	xgrass_dlib.h(113)
    XmCreateSimpleOptionMenu 	Xm.h(1911)
    _xgdAddPoint     	xgrass_dlib.h(915)
    XTextPropertyToStringList 	Xutil.h(809)
    XmTextGetBaseline 	Text.h(131)
    XFetchBuffer     	Xlib.h(1323)
    XmScrolledWindowSetAreas 	ScrolledW.h(79)
    XtUngrabButton   	Intrinsic.h(2413)
    G_fopen_new      	gisdefs.h(1)
    XDisplayPlanes   	Xlib.h(2359)
    XgdSitePlus      	xgrass_dlib.h(120)
    zoomHandleMouseEvents 	xgreproto.h(539)
    _xgdDrawSpline   	xgrass_dlib.h(922)
    XGetAtomName     	Xlib.h(1329)
    XSetState        	Xlib.h(3663)
    XtSetKeyboardFocus 	Intrinsic.h(1081)
    G_fopen_old      	gisdefs.h(2)
    XtGrabPointer    	Intrinsic.h(2426)
    XgdUpdateSitePixmap 	xgrass_dlib.h(129)
    XDisplayWidth    	Xlib.h(2366)
    XmCreateSimpleRadioBox 	Xm.h(1912)
    XSetStipple      	Xlib.h(3671)
    XmbTextPropertyToTextList 	Xutil.h(818)
    _xgdDrawIntSpline 	xgrass_dlib.h(930)
    XGetDefault      	Xlib.h(1336)
    XmCreateScrolledWindow 	ScrolledW.h(80)
    G_fopen_modify   	gisdefs.h(3)
    XtUngrabPointer  	Intrinsic.h(2433)
    XDisplayWidthMM  	Xlib.h(2373)
    XtLastTimestampProcessed 	Intrinsic.h(1087)
    XSetSubwindowMode 	Xlib.h(3679)
    _xgdReDrawSitePixmap 	xgrass_dlib.h(143)
    XDisplayName     	Xlib.h(1341)
    G_fopen_append   	gisdefs.h(4)
    XmCreateSimpleCheckBox 	Xm.h(1913)
    _xgdDrawOpenSpline 	xgrass_dlib.h(937)
    XtGetApplicationNameAndClass 	Intrinsic.h(2441)
    XDrawArc         	Xlib.h(2387)
    xmScrolledWindowWidgetClass 	ScrolledW.h(103)
    XwcTextPropertyToTextList 	Xutil.h(827)
    XKeysymToString  	Xlib.h(1346)
    XSetTSOrigin     	Xlib.h(3688)
    G_fopen_sites_old 	gisdefs.h(5)
    XDrawArcs        	Xlib.h(2397)
    XgdSitePixmap    	xgrass_dlib.h(155)
    XtAddTimeOut     	Intrinsic.h(1101)
    _xgdDrawClosedSpline 	xgrass_dlib.h(944)
    XSetTile         	Xlib.h(3696)
    XmVaCreateSimpleMenuBar 	Xm.h(1933)
    XSynchronize     	Xlib.h(1353)
    XDrawImageString 	Xlib.h(2409)
    XmTextFieldGetLastPosition 	TextF.h(92)
    XtAppAddTimeOut  	Intrinsic.h(1110)
    XgdDrawSitefile  	xgrass_dlib.h(187)
    XSetWindowBackground 	Xlib.h(3704)
    G_fopen_sites_new 	gisdefs.h(6)
    XUnionRectWithRegion 	Xutil.h(835)
    XtCvtStringToAcceleratorTable 	Intrinsic.h(2460)
    XSetAfterFunction 	Xlib.h(1363)
    _xgdQuadraticSpline 	xgrass_dlib.h(957)
    XDrawImageString16 	Xlib.h(2421)
    XmMainWindowSetAreas 	MainW.h(79)
    XtRemoveTimeOut  	Intrinsic.h(1116)
    XgdSetLabelColor 	xgrass_dlib.h(229)
    XmVaCreateSimplePopupMenu 	Xm.h(1934)
    G_fopen_vector_old 	gisdefs.h(7)
    XSetWindowBackgroundPixmap 	Xlib.h(3712)
    XUnionRegion     	Xutil.h(843)
    XInternAtom      	Xlib.h(1370)
    _xgdBezierSpline 	xgrass_dlib.h(971)
    XDrawLine        	Xlib.h(2433)
    XtAddInput       	Intrinsic.h(1125)
    XgdSetLabelFontName 	xgrass_dlib.h(236)
    XtCvtStringToAtom 	Intrinsic.h(2471)
    XmMainWindowSep1 	MainW.h(80)
    XCopyColormapAndFree 	Xlib.h(1376)
    XWMGeometry      	Xutil.h(859)
    G_fopen_vector_new 	gisdefs.h(8)
    XDrawLines       	Xlib.h(2444)
    XtAppAddInput    	Intrinsic.h(1135)
    XmVaCreateSimplePulldownMenu 	Xm.h(1935)
    XmTextFieldReplace 	TextF.h(94)
    _xgdClearStack   	xgrass_dlib.h(977)
    XXorRegion       	Xutil.h(867)
    XSetWindowBorder 	Xlib.h(3720)
    XmMainWindowSep2 	MainW.h(81)
    XtCvtStringToBoolean 	Intrinsic.h(2482)
    XDrawPoint       	Xlib.h(2454)
    XgdSetLabelFont  	xgrass_dlib.h(243)
    XtRemoveInput    	Intrinsic.h(1141)
    XCreateColormap  	Xlib.h(1384)
    G_allocate_cell_buf 	gisdefs.h(10)
    Xpermalloc       	Xresource.h(54)
    _xgdPush         	xgrass_dlib.h(990)
    XDrawPoints      	Xlib.h(2465)
    XmTextFieldInsert 	TextF.h(95)
    XSetWindowBorderPixmap 	Xlib.h(3728)
    XmMainWindowSep3 	MainW.h(82)
    XgdSetLabelString 	xgrass_dlib.h(249)
    XtNextEvent      	Intrinsic.h(1147)
    XrmStringToQuark 	Xresource.h(73)
    _xgdPop          	xgrass_dlib.h(1003)
    XtCvtStringToBool 	Intrinsic.h(2493)
    XmVaCreateSimpleOptionMenu 	Xm.h(1936)
    XCreatePixmapCursor 	Xlib.h(1395)
    XDrawRectangle   	Xlib.h(2477)
    G_number_of_cats 	gisdefs.h(11)
    XmTextFieldSetAddMode 	TextF.h(96)
    XtAppNextEvent   	Intrinsic.h(1154)
    XmCreateMainWindow 	MainW.h(83)
    XgdDrawLabel     	xgrass_dlib.h(255)
    XrmPermStringToQuark 	Xresource.h(79)
    XDrawRectangles  	Xlib.h(2487)
    XSetWindowBorderWidth 	Xlib.h(3736)
    XtCvtStringToCursor 	Intrinsic.h(2504)
    XCreateGlyphCursor 	Xlib.h(1406)
    G_get_histogram_cat 	gisdefs.h(12)
    XgdInitVectorColors 	xgrass_dlib.h(1037)
    XtPending        	Intrinsic.h(1165)
    XmVaCreateSimpleRadioBox 	Xm.h(1937)
    _XgdAllocCells   	xgrass_dlib.h(262)
    xmMainWindowWidgetClass 	MainW.h(107)
    XmTextFieldGetAddMode 	TextF.h(97)
    XDrawSegments    	Xlib.h(2497)
    XtAppPending     	Intrinsic.h(1171)
    XrmQuarkToString 	Xresource.h(86)
    XtCvtStringToDimension 	Intrinsic.h(2515)
    XSetWindowColormap 	Xlib.h(3744)
    XCreateFontCursor 	Xlib.h(1412)
    XgdUpdateBarscale 	xgrass_dlib.h(278)
    G_alloc_imatrix  	gisdefs.h(14)
    XgdGetVectColorNames 	xgrass_dlib.h(1042)
    XDrawString      	Xlib.h(2509)
    XtRealizeWidget  	Intrinsic.h(1203)
    XmVaCreateSimpleCheckBox 	Xm.h(1938)
    XmTextFieldGetEditable 	TextF.h(98)
    XrmUniqueQuark   	Xresource.h(92)
    XLoadFont        	Xlib.h(1418)
    XStoreBuffer     	Xlib.h(3753)
    G_alloc_ivector  	gisdefs.h(15)
    XDrawString16    	Xlib.h(2521)
    XgdSetBarscaleLength 	xgrass_dlib.h(283)
    XtCvtStringToDisplay 	Intrinsic.h(2526)
    XtUnrealizeWidget 	Intrinsic.h(1209)
    xmMessageBoxWidgetClass 	MessageB.h(81)
    XCreateGC        	Xlib.h(1426)
    XrmStringToQuarkList 	Xresource.h(110)
    XStoreBytes      	Xlib.h(3761)
    XDrawText        	Xlib.h(2533)
    G_get_histogram_count 	gisdefs.h(17)
    XmGetSecondaryResourceData 	Xm.h(1997)
    xmArrowButtonWidgetClass 	ArrowB.h(79)
    XGContextFromGC  	Xlib.h(1431)
    XgdSetBarscaleInterval 	xgrass_dlib.h(288)
    XtCvtStringToFile 	Intrinsic.h(2537)
    XDrawText16      	Xlib.h(2545)
    XStoreColor      	Xlib.h(3769)
    XrmStringToBindingQuarkList 	Xresource.h(118)
    XmCreateMessageBox 	MessageB.h(96)
    XgdWarning       	xgrass_dlib.h(1054)
    XFlushGC         	Xlib.h(1437)
    XEnableAccessControl 	Xlib.h(2551)
    XStoreColors     	Xlib.h(3778)
    G_database_units_to_meters_factor 	gisdefs.h(19)
    XtSetSensitive   	Intrinsic.h(1222)
    XtCvtStringToFloat 	Intrinsic.h(2548)
    XmCreateArrowButton 	ArrowB.h(91)
    XgdInit          	xgrass_dlib.h(1061)
    XCreatePixmap    	Xlib.h(1446)
    XmTrackingLocate 	Xm.h(1998)
    XgdSetBarscaleLineWidth 	xgrass_dlib.h(293)
    XStoreName       	Xlib.h(3786)
    XmCreateMessageDialog 	MessageB.h(97)
    _XgdBuildFixedColorLut 	xgrass_dlib.h(1067)
    XtSetMappedWhenManaged 	Intrinsic.h(1229)
    XEventsQueued    	Xlib.h(2558)
    XCreateBitmapFromData 	Xlib.h(1455)
    XrmDestroyDatabase 	Xresource.h(172)
    XtCvtStringToFont 	Intrinsic.h(2559)
    XStoreNamedColor 	Xlib.h(3796)
    XmConvertUnits   	Xm.h(1999)
    XgdSetBarscaleColor 	xgrass_dlib.h(298)
    XFetchName       	Xlib.h(2566)
    XmCreateErrorDialog 	MessageB.h(98)
    G_northing_to_row 	gisdefs.h(20)
    xmArrowButtonGadgetClass 	ArrowBG.h(77)
    _XgdGetFirstAvailableLutIndex 	xgrass_dlib.h(1074)
    XtNameToWidget   	Intrinsic.h(1236)
    XmCvtFromHorizontalPixels 	Xm.h(2000)
    XSync            	Xlib.h(3803)
    XrmQPutResource  	Xresource.h(182)
    XtCvtStringToFontSet 	Intrinsic.h(2570)
    XCreatePixmapFromBitmapData 	Xlib.h(1467)
    XFillArc         	Xlib.h(2580)
    XTextExtents     	Xlib.h(3815)
    XgdSetBarscaleStyle 	xgrass_dlib.h(303)
    G_row_to_northing 	gisdefs.h(21)
    XFillArcs        	Xlib.h(2590)
    XtWindowToWidget 	Intrinsic.h(1243)
    XmCreateInformationDialog 	MessageB.h(99)
    XrmPutResource   	Xresource.h(191)
    XTextExtents16   	Xlib.h(3827)
    XmCreateArrowButtonGadget 	ArrowBG.h(87)
    XtCvtStringToFontStruct 	Intrinsic.h(2581)
    XFillPolygon     	Xlib.h(2602)
    XmCvtFromVerticalPixels 	Xm.h(2001)
    _XgdBuildLut     	xgrass_dlib.h(1110)
    G_easting_to_col 	gisdefs.h(22)
    XCreateSimpleWindow 	Xlib.h(1480)
    XrmQPutStringResource 	Xresource.h(200)
    XtMergeArgLists  	Intrinsic.h(1262)
    XgdSetBarscaleUnit 	xgrass_dlib.h(308)
    XTextWidth       	Xlib.h(3835)
    XFillRectangle   	Xlib.h(2614)
    __XGDHighlight   	xgrass_dlib.h(1124)
    XmCreateQuestionDialog 	MessageB.h(100)
    XTextWidth16     	Xlib.h(3843)
    XtCvtStringToInt 	Intrinsic.h(2592)
    XtVaCreateArgsList 	Intrinsic.h(1277)
    G_col_to_easting 	gisdefs.h(23)
    XmCvtToHorizontalPixels 	Xm.h(2002)
    XgdSetBarscaleFontName 	xgrass_dlib.h(313)
    XGetSelectionOwner 	Xlib.h(1486)
    XFillRectangles  	Xlib.h(2624)
    XrmPutStringResource 	Xresource.h(208)
    __XGDMonochrome  	xgrass_dlib.h(1125)
    XTranslateCoordinates 	Xlib.h(3856)
    xmBulletinBoardWidgetClass 	BulletinB.h(81)
    XtCvtStringToInitialState 	Intrinsic.h(2603)
    XmCreateWarningDialog 	MessageB.h(101)
    G_adjust_east_longitude 	gisdefs.h(24)
    XtDisplay        	Intrinsic.h(1293)
    XFlush           	Xlib.h(2630)
    XCreateWindow    	Xlib.h(1502)
    __XGDColormap    	xgrass_dlib.h(1126)
    XmCvtToVerticalPixels 	Xm.h(2003)
    XgdSetBarscaleFont 	xgrass_dlib.h(318)
    XrmPutLineResource 	Xresource.h(215)
    XForceScreenSaver 	Xlib.h(2637)
    XtDisplayOfObject 	Intrinsic.h(1299)
    XUndefineCursor  	Xlib.h(3863)
    XListInstalledColormaps 	Xlib.h(1509)
    __XGDVInfo       	xgrass_dlib.h(1127)
    XmCreateBulletinBoard 	BulletinB.h(94)
    XmCreateWorkingDialog 	MessageB.h(102)
    XtCvtStringToPixel 	Intrinsic.h(2614)
    G_adjust_easting 	gisdefs.h(25)
    XgdSetBarscaleTextColor 	xgrass_dlib.h(323)
    XFree            	Xlib.h(2643)
    XrmQGetResource  	Xresource.h(225)
    XtScreen         	Intrinsic.h(1305)
    XmCvtCTToXmString 	Xm.h(2033)
    __XGDTotalCells  	xgrass_dlib.h(1128)
    XUngrabButton    	Xlib.h(3872)
    XFreeColormap    	Xlib.h(2650)
    XtScreenOfObject 	Intrinsic.h(1311)
    G_alloc_matrix   	gisdefs.h(26)
    XtCvtStringToShort 	Intrinsic.h(2627)
    XmCreateBulletinBoardDialog 	BulletinB.h(95)
    XmMessageBoxGetChild 	MessageB.h(103)
    XListFonts       	Xlib.h(1517)
    XrmGetResource   	Xresource.h(235)
    XUngrabKey       	Xlib.h(3881)
    __XGDFixedColors 	xgrass_dlib.h(1129)
    XFreeColors      	Xlib.h(2660)
    XmCvtXmStringToCT 	Xm.h(2034)
    XgdSetBarscaleWinWidth 	xgrass_dlib.h(328)
    XListFontsWithInfo 	Xlib.h(1526)
    XtWindow         	Intrinsic.h(1317)
    G_alloc_vector   	gisdefs.h(27)
    XUngrabKeyboard  	Xlib.h(3888)
    XrmQGetSearchList 	Xresource.h(245)
    XFreeCursor      	Xlib.h(2667)
    XtCvtStringToTranslationTable 	Intrinsic.h(2638)
    __XGDPrivateCells 	xgrass_dlib.h(1130)
    XtWindowOfObject 	Intrinsic.h(1323)
    XmCvtTextToXmString 	Xm.h(2035)
    G_alloc_fmatrix  	gisdefs.h(29)
    XFreeExtensionList 	Xlib.h(2673)
    XUngrabPointer   	Xlib.h(3895)
    XGetFontPath     	Xlib.h(1532)
    XmInternAtom     	AtomMgr.h(77)
    XgdError         	xgrass_dlib.h(334)
    XrmQGetSearchResource 	Xresource.h(255)
    XtName           	Intrinsic.h(1329)
    xmCascadeButtonWidgetClass 	CascadeB.h(78)
    __XGDPrivateCellsLeft 	xgrass_dlib.h(1131)
    XgdUpdateGrid    	xgrass_dlib.h(342)
    XListExtensions  	Xlib.h(1538)
    XmCvtXmStringToText 	Xm.h(2036)
    XmGetAtomName    	AtomMgr.h(78)
    G_alloc_fvector  	gisdefs.h(30)
    XUngrabServer    	Xlib.h(3901)
    XtSuperclass     	Intrinsic.h(1335)
    XFreeFont        	Xlib.h(2680)
    XtCvtStringToUnsignedChar 	Intrinsic.h(2649)
    XgdCalculateGridOffset 	xgrass_dlib.h(347)
    XrmSetDatabase   	Xresource.h(268)
    XFreeFontInfo    	Xlib.h(2688)
    XUninstallColormap 	Xlib.h(3908)
    XtClass          	Intrinsic.h(1341)
    XListProperties  	Xlib.h(1545)
    G_tokenize       	gisdefs.h(32)
    __XGDLut         	xgrass_dlib.h(1132)
    XmAddTabGroup    	Xm.h(2057)
    XmCreateCascadeButton 	CascadeB.h(80)
    XtParent         	Intrinsic.h(1347)
    XmAddProtocols   	Protocols.h(117)
    __XGDFixedLut    	xgrass_dlib.h(1133)
    G__file_name     	gisdefs.h(33)
    XrmGetDatabase   	Xresource.h(274)
    XFreeFontNames   	Xlib.h(2694)
    XtCvtStringToVisual 	Intrinsic.h(2660)
    XListHosts       	Xlib.h(1552)
    XUnloadFont      	Xlib.h(3915)
    XmRemoveTabGroup 	Xm.h(2058)
    XgdSetGridLabelOn 	xgrass_dlib.h(353)
    G__getenv        	gisdefs.h(34)
    XgdDrawResizeHandles 	xgrass_dlib.h(1141)
    XmRemoveProtocols 	Protocols.h(118)
    XKeycodeToKeysym 	Xlib.h(1563)
    XrmGetFileDatabase 	Xresource.h(280)
    XFreeFontPath    	Xlib.h(2700)
    XmCascadeButtonHighlight 	CascadeB.h(81)
    XUnmapSubwindows 	Xlib.h(3922)
    XtRemoveCallback 	Intrinsic.h(1371)
    G__home          	gisdefs.h(35)
    XtCvtIntToBoolean 	Intrinsic.h(2673)
    XmProcessTraversal 	Xm.h(2059)
    XgdSetGridGap    	xgrass_dlib.h(360)
    XFreeGC          	Xlib.h(2707)
    G__location_path 	gisdefs.h(36)
    XmAddProtocolCallback 	Protocols.h(119)
    XLookupKeysym    	Xlib.h(1569)
    _xgdCreateSplineobject 	xgrass_dlib.h(1152)
    XrmCombineFileDatabase 	Xresource.h(288)
    XUnmapWindow     	Xlib.h(3929)
    XtAddCallbacks   	Intrinsic.h(1379)
    XFreeModifiermap 	Xlib.h(2713)
    XgdSetGridSpacing 	xgrass_dlib.h(367)
    XtCvtIntToBool   	Intrinsic.h(2684)
    XmDestroyPixmap  	Xm.h(2076)
    XGetKeyboardMapping 	Xlib.h(1581)
    G__mapset_name   	gisdefs.h(37)
    XVendorRelease   	Xlib.h(3935)
    XtRemoveCallbacks 	Intrinsic.h(1387)
    xmCascadeButtonGadgetClass 	CascadeBG.h(82)
    XmRemoveProtocolCallback 	Protocols.h(120)
    XFreePixmap      	Xlib.h(2720)
    XtCvtIntToColor  	Intrinsic.h(2695)
    XgdSetGridColor  	xgrass_dlib.h(374)
    _xgdCreateControlList 	xgrass_dlib.h(1158)
    XrmGetStringDatabase 	Xresource.h(294)
    XmUninstallImage 	Xm.h(2077)
    G_ask_any        	gisdefs.h(38)
    XWarpPointer     	Xlib.h(3949)
    XStringToKeysym  	Xlib.h(1586)
    XGeometry        	Xlib.h(2738)
    XtRemoveAllCallbacks 	Intrinsic.h(1394)
    XtCvtIntToFloat  	Intrinsic.h(2708)
    G_ask_any_ext    	gisdefs.h(39)
    XgdSetGridLinePattern 	xgrass_dlib.h(382)
    XmInstallImage   	Xm.h(2078)
    XWidthMMOfScreen 	Xlib.h(3955)
    XGetErrorDatabaseText 	Xlib.h(2749)
    XrmPutFileDatabase 	Xresource.h(301)
    XmActivateProtocol 	Protocols.h(121)
    _xgdCreateControlPoints 	xgrass_dlib.h(1164)
    XmCreateCascadeButtonGadget 	CascadeBG.h(84)
    XMaxRequestSize  	Xlib.h(1591)
    G_ask_cell_in_mapset 	gisdefs.h(40)
    XtCvtIntToFont   	Intrinsic.h(2719)
    XtCallCallbacks  	Intrinsic.h(1403)
    XmGetPixmap      	Xm.h(2079)
    XWidthOfScreen   	Xlib.h(3961)
    XgdSetGridFontName 	xgrass_dlib.h(388)
    XrmMergeDatabases 	Xresource.h(308)
    XmDeactivateProtocol 	Protocols.h(122)
    XResourceManagerString 	Xlib.h(1596)
    XGetErrorText    	Xlib.h(2758)
    XmGetMenuCursor  	Xm.h(2097)
    _xgdComputeCP    	xgrass_dlib.h(1172)
    XtCvtIntToPixel  	Intrinsic.h(2730)
    XtCallCallbackList 	Intrinsic.h(1411)
    G_ask_cell_new   	gisdefs.h(41)
    XWindowEvent     	Xlib.h(3970)
    XmCascadeButtonGadgetHighlight 	CascadeBG.h(85)
    XGetFontProperty 	Xlib.h(2766)
    XgdSetGridFont   	xgrass_dlib.h(393)
    XrmCombineDatabase 	Xresource.h(316)
    _xgdControlPoints 	xgrass_dlib.h(1185)
    XmSetMenuCursor  	Xm.h(2098)
    XmSetProtocolHooks 	Protocols.h(123)
    XtCvtIntToPixmap 	Intrinsic.h(2741)
    XScreenResourceString 	Xlib.h(1601)
    XWriteBitmapFile 	Xlib.h(3982)
    G_ask_cell_old   	gisdefs.h(42)
    XtHasCallbacks   	Intrinsic.h(1418)
    XgdSetGridTextColor 	xgrass_dlib.h(398)
    XGetGCValues     	Xlib.h(2775)
    XrmEnumerateDatabase 	Xresource.h(339)
    XmGetDestination 	Xm.h(2099)
    XgdSetupPlot     	xgrass_dlib.h(1199)
    XtCvtIntToShort  	Intrinsic.h(2754)
    _XmInstallProtocols 	Protocols.h(124)
    G_ask_in_mapset  	gisdefs.h(43)
    XSupportsLocale  	Xlib.h(3988)
    XtMakeGeometryRequest 	Intrinsic.h(1433)
    XDisplayMotionBufferSize 	Xlib.h(1606)
    XGetGeometry     	Xlib.h(2789)
    XgdPlotWhereXY   	xgrass_dlib.h(1208)
    XgdSetGridOffset 	xgrass_dlib.h(406)
    XmClipboardBeginCopy 	CutPaste.h(94)
    XmUpdateDisplay  	Xm.h(2119)
    XtCvtIntToUnsignedChar 	Intrinsic.h(2765)
    G_ask_in_mapset_ext 	gisdefs.h(44)
    XSetLocaleModifiers 	Xlib.h(3994)
    XrmLocaleOfDatabase 	Xresource.h(345)
    XGetIconName     	Xlib.h(2797)
    XtQueryGeometry  	Intrinsic.h(1441)
    XgdPlotWhereEN   	xgrass_dlib.h(1217)
    XgdIsGridOn      	xgrass_dlib.h(412)
    XmResolvePartOffsets 	Xm.h(2120)
    XVisualIDFromVisual 	Xlib.h(1611)
    XGetInputFocus   	Xlib.h(2805)
    XmClipboardStartCopy 	CutPaste.h(95)
    G_ask_new        	gisdefs.h(45)
    XCreateFontSet   	Xlib.h(4004)
    XrmParseCommand  	Xresource.h(383)
    XtCvtColorToPixel 	Intrinsic.h(2778)
    XtCreatePopupShell 	Intrinsic.h(1451)
    XgdCreateLinePatternPad 	xgrass_dlib.h(419)
    XgdPlotPoint     	xgrass_dlib.h(1225)
    G_ask_new_ext    	gisdefs.h(46)
    XGetKeyboardControl 	Xlib.h(2812)
    XInitExtension   	Xlib.h(1620)
    XmResolveAllPartOffsets 	Xm.h(2121)
    XFreeFontSet     	Xlib.h(4011)
    XmCreatePushButton 	PushB.h(99)
    XgdPlotLine      	xgrass_dlib.h(1235)
    XmClipboardCopy  	CutPaste.h(96)
    XtVaCreatePopupShell 	Intrinsic.h(1460)
    G_ask_old        	gisdefs.h(47)
    XgdCreateFillPatternPad 	xgrass_dlib.h(477)
    XFontsOfFontSet  	Xlib.h(4019)
    vendorShellWidgetClass 	Vendor.h(43)
    XgdPlotPolygon   	xgrass_dlib.h(1244)
    XAddExtension    	Xlib.h(1626)
    XGetPointerControl 	Xlib.h(2821)
    coreWidgetClass  	Core.h(35)
    G_ask_old_ext    	gisdefs.h(48)
    XmClipboardEndCopy 	CutPaste.h(97)
    XFindOnExtensionList 	Xlib.h(1632)
    XtPopup          	Intrinsic.h(1467)
    XmCreatePushButtonGadget 	PushBG.h(94)
    XgdDitherImage   	xgrass_dlib.h(1259)
    XBaseFontNameListOfFontSet 	Xlib.h(4025)
    G_ask_sites_any  	gisdefs.h(49)
    browserWidgetClass 	Browser.h(37)
    XGetPointerMapping 	Xlib.h(2829)
    widgetClass      	Core.h(38)
    XtPopupSpringLoaded 	Intrinsic.h(1473)
    XgdSetHighlightColor 	xgrass_dlib.h(512)
    XmClipboardCancelCopy 	CutPaste.h(98)
    XgdRasterImage   	xgrass_dlib.h(1270)
    _XmVirtKeysInitialize 	VirtKeys.h(143)
    G_ask_sites_in_mapset 	gisdefs.h(50)
    XEHeadOfExtensionList 	Xlib.h(1637)
    XgBrowserGetChild 	Browser.h(110)
    XGetScreenSaver  	Xlib.h(2839)
    xmPushButtonGadgetClass 	PushBG.h(108)
    XLocaleOfFontSet 	Xlib.h(4031)
    XtCallbackNone   	Intrinsic.h(1481)
    XgdBoxesOverlap  	xgrass_dlib.h(522)
    XtManageChildren 	Composite.h(45)
    XgdMonoColor     	xgrass_dlib.h(1283)
    XmClipboardCopyByName 	CutPaste.h(99)
    XGetTransientForHint 	Xlib.h(2847)
    xmUseVersion     	Xm.h(86)
    XgCreateBrowser  	Browser.h(112)
    G_ask_sites_new  	gisdefs.h(51)
    XRootWindow      	Xlib.h(1645)
    XtCallbackNonexclusive 	Intrinsic.h(1489)
    XgdBWImage       	xgrass_dlib.h(1296)
    XContextDependentDrawing 	Xlib.h(4037)
    XgdBoxContains   	xgrass_dlib.h(529)
    XmClipboardUndoCopy 	CutPaste.h(100)
    XgdCreateImage   	xgrass_dlib.h(1310)
    XDefaultRootWindow 	Xlib.h(1650)
    XgCreateBrowserDialog 	Browser.h(114)
    G_ask_sites_old  	gisdefs.h(52)
    XgdPointInBox    	xgrass_dlib.h(537)
    XtUnmanageChildren 	Composite.h(58)
    XGetWindowProperty 	Xlib.h(2864)
    XtCallbackExclusive 	Intrinsic.h(1497)
    xmExtObjectClass 	ExtObject.h(102)
    XgdNextSite      	xgrass_dlib.h(1318)
    XExtentsOfFontSet 	Xlib.h(4043)
    XRootWindowOfScreen 	Xlib.h(1655)
    XmClipboardLock  	CutPaste.h(101)
    G_ask_vector_any 	gisdefs.h(53)
    XgdCreateBoxForObject 	xgrass_dlib.h(543)
    XtUnmanageChild  	Composite.h(64)
    XgBrowserRescan  	Browser.h(116)
    XGetWindowAttributes 	Xlib.h(2872)
    XmCreateRadioBox 	RowColumn.h(84)
    XtPopdown        	Intrinsic.h(1503)
    XmbTextEscapement 	Xlib.h(4051)
    XmClipboardUnlock 	CutPaste.h(102)
    XtShellStrings   	Shell.h(127)
    G_ask_vector_in_mapset 	gisdefs.h(54)
    interactorWidgetClass 	Interact.h(48)
    XDefaultVisual   	Xlib.h(1661)
    compositeWidgetClass 	Composite.h(69)
    XtCallbackPopdown 	Intrinsic.h(1511)
    XgdUpdateBoxForObject 	xgrass_dlib.h(549)
    XmCreateRowColumn 	RowColumn.h(85)
    XGrabButton      	Xlib.h(2887)
    XwcTextEscapement 	Xlib.h(4059)
    shellWidgetClass 	Shell.h(372)
    XmClipboardStartRetrieve 	CutPaste.h(103)
    XDefaultVisualOfScreen 	Xlib.h(1666)
    XGrabKey         	Xlib.h(2899)
    XtMenuPopupAction 	Intrinsic.h(1520)
    G_ask_vector_new 	gisdefs.h(55)
    _XgInteractorCreateButtonG 	Interact.h(94)
    XgdSetBox        	xgrass_dlib.h(558)
    XmCreateWorkArea 	RowColumn.h(86)
    XGrabKeyboard    	Xlib.h(2910)
    overrideShellWidgetClass 	Shell.h(373)
    XmbTextExtents   	Xlib.h(4069)
    XgdLineIntersectBox 	xgrass_dlib.h(565)
    constraintWidgetClass 	Constraint.h(33)
    G_ask_vector_old 	gisdefs.h(56)
    XDefaultGC       	Xlib.h(1672)
    XtCreateWidget   	Intrinsic.h(1530)
    XmClipboardRetrieve 	CutPaste.h(104)
    XmCreatePopupMenu 	RowColumn.h(87)
    XGrabPointer     	Xlib.h(2924)
    XwcTextExtents   	Xlib.h(4079)
    acos             	math.h(30)
    _XgInteractorUpdateString 	Interact.h(95)
    XDefaultGCOfScreen 	Xlib.h(1677)
    asin             	math.h(31)
    XtCreateManagedWidget 	Intrinsic.h(1540)
    wmShellWidgetClass 	Shell.h(374)
    G_calloc         	gisdefs.h(57)
    XgdLineContainedInBox 	xgrass_dlib.h(572)
    XGrabServer      	Xlib.h(2930)
    atan             	math.h(32)
    XmClipboardEndRetrieve 	CutPaste.h(105)
    XmbTextPerCharExtents 	Xlib.h(4093)
    XmCreatePulldownMenu 	RowColumn.h(88)
    atan2            	math.h(33)
    G_color_name     	gisdefs.h(58)
    objectClass      	Object.h(34)
    cos              	math.h(34)
    XBlackPixel      	Xlib.h(1683)
    XHeightMMOfScreen 	Xlib.h(2936)
    sin              	math.h(35)
    transientShellWidgetClass 	Shell.h(375)
    _XgInteractorHelpAction 	Interact.h(96)
    XtVaCreateWidget 	Intrinsic.h(1549)
    tan              	math.h(36)
    G_date           	gisdefs.h(59)
    XgdIsPointInObject 	xgrass_dlib.h(579)
    cosh             	math.h(38)
    XWhitePixel      	Xlib.h(1689)
    XmCreateOptionMenu 	RowColumn.h(89)
    XwcTextPerCharExtents 	Xlib.h(4107)
    XmClipboardInquireCount 	CutPaste.h(106)
    G_database_unit_name 	gisdefs.h(60)
    sinh             	math.h(39)
    XHeightOfScreen  	Xlib.h(2942)
    rectObjClass     	RectObj.h(34)
    tanh             	math.h(40)
    XAllPlanes       	Xlib.h(1694)
    exp              	math.h(42)
    XgdIsObjectInBox 	xgrass_dlib.h(586)
    _XgInteractorActivate 	Interact.h(97)
    frexp            	math.h(43)
    topLevelShellWidgetClass 	Shell.h(376)
    XmCreateMenuBar  	RowColumn.h(90)
    XIfEvent         	Xlib.h(2957)
    XtConvertAndStore 	Intrinsic.h(534)
    XBlackPixelOfScreen 	Xlib.h(1699)
    XmbDrawText      	Xlib.h(4119)
    ldexp            	math.h(44)
    G_database_projection_name 	gisdefs.h(61)
    XmClipboardInquireFormat 	CutPaste.h(107)
    log              	math.h(45)
    XImageByteOrder  	Xlib.h(2963)
    XgdGetBBoxOfObject 	xgrass_dlib.h(592)
    log10            	math.h(46)
    XwcDrawText      	Xlib.h(4131)
    XtCreateApplicationShell 	Intrinsic.h(1567)
    XmMenuPosition   	RowColumn.h(91)
    XgInteractorGetChild 	Interact.h(98)
    XtCallConverter  	Intrinsic.h(546)
    modf             	math.h(47)
    XWhitePixelOfScreen 	Xlib.h(1704)
    applicationShellWidgetClass 	Shell.h(377)
    frexpl           	math.h(50)
    XInstallColormap 	Xlib.h(2970)
    XmbDrawString    	Xlib.h(4144)
    XmClipboardInquireLength 	CutPaste.h(108)
    XmOptionLabelGadget 	RowColumn.h(92)
    G_ellipsoid_name 	gisdefs.h(62)
    _xgdDrawVector   	xgrass_dlib.h(603)
    ldexpl           	math.h(51)
    XtDispatchEvent  	Intrinsic.h(552)
    modfl            	math.h(52)
    XgCreateInteractor 	Interact.h(99)
    XtAppCreateShell 	Intrinsic.h(1578)
    XwcDrawString    	Xlib.h(4157)
    XNextRequest     	Xlib.h(1709)
    XKeysymToKeycode 	Xlib.h(2977)
    pow              	math.h(55)
    _xgdDrawPixmapBorder 	xgrass_dlib.h(610)
    G_find_cell      	gisdefs.h(63)
    sqrt             	math.h(56)
    XmOptionButtonGadget 	RowColumn.h(93)
    XtCallAcceptFocus 	Intrinsic.h(559)
    ceil             	math.h(58)
    XLastKnownRequestProcessed 	Xlib.h(1714)
    XmbDrawImageString 	Xlib.h(4170)
    XmClipboardInquirePendingItems 	CutPaste.h(109)
    XtVaAppCreateShell 	Intrinsic.h(1588)
    fabs             	math.h(59)
    G_find_cell2     	gisdefs.h(64)
    XKillClient      	Xlib.h(2984)
    xmDesktopObjectClass 	VendorE.h(181)
    floor            	math.h(60)
    _XgdGetBitmapPad 	xgrass_dlib.h(616)
    XtPeekEvent      	Intrinsic.h(565)
    fmod             	math.h(61)
    XmGetPostedFromWidget 	RowColumn.h(94)
    XLookupColor     	Xlib.h(3000)
    G_find_file      	gisdefs.h(65)
    XwcDrawImageString 	Xlib.h(4183)
    acosf            	math.h(63)
    XtToolkitInitialize 	Intrinsic.h(1600)
    asinf            	math.h(64)
    XtAppPeekEvent   	Intrinsic.h(572)
    XServerVendor    	Xlib.h(1719)
    xmWorldObjectClass 	VendorE.h(185)
    XgdDeleteMap     	xgrass_dlib.h(625)
    XgCreateInteractorPrompt 	Interact.h(101)
    G_find_file2     	gisdefs.h(66)
    XLowerWindow     	Xlib.h(3007)
    atanf            	math.h(65)
    XmClipboardRegisterFormat 	CutPaste.h(110)
    atan2f           	math.h(66)
    XOpenIM          	Xlib.h(4192)
    XDisplayString   	Xlib.h(1724)
    XtIsSubclass     	Intrinsic.h(579)
    XtSetLanguageProc 	Intrinsic.h(1608)
    G_find_sites     	gisdefs.h(67)
    XMapRaised       	Xlib.h(3014)
    cosf             	math.h(67)
    XCloseIM         	Xlib.h(4198)
    xmDisplayObjectClass 	VendorE.h(189)
    xmScaleWidgetClass 	Scale.h(82)
    sinf             	math.h(68)
    XmTextFieldSetEditable 	TextF.h(99)
    XgCreateInteractorPromptDialog 	Interact.h(102)
    XMapSubwindows   	Xlib.h(3021)
    XtIsObject       	Intrinsic.h(585)
    tanf             	math.h(69)
    XGetIMValues     	Xlib.h(4204)
    G_find_sites2    	gisdefs.h(68)
    XDefaultColormap 	Xlib.h(1730)
    XmClipboardWithdrawFormat 	CutPaste.h(111)
    XtDisplayInitialize 	Intrinsic.h(1621)
    coshf            	math.h(71)
    _XtCheckSubclassFlag 	Intrinsic.h(592)
    sinhf            	math.h(72)
    XmScaleSetValue  	Scale.h(94)
    xmScreenObjectClass 	VendorE.h(193)
    XDisplayOfIM     	Xlib.h(4210)
    XMapWindow       	Xlib.h(3028)
    G_find_vector    	gisdefs.h(69)
    tanhf            	math.h(73)
    XDefaultColormapOfScreen 	Xlib.h(1735)
    XmTextFieldGetMaxLength 	TextF.h(100)
    expf             	math.h(75)
    XtAppInitialize  	Intrinsic.h(1635)
    XMaskEvent       	Xlib.h(3036)
    XLocaleOfIM      	Xlib.h(4216)
    XmScaleGetValue  	Scale.h(95)
    logf             	math.h(76)
    G_find_vector2   	gisdefs.h(70)
    XgCreateInteractorList 	Interact.h(103)
    _XtIsSubclassOf  	Intrinsic.h(601)
    xmShellExtObjectClass 	VendorE.h(197)
    log10f           	math.h(77)
    XMaxCmapsOfScreen 	Xlib.h(3042)
    XCreateIC        	Xlib.h(4222)
    xmDialogShellWidgetClass 	DialogS.h(87)
    powf             	math.h(79)
    XtVaAppInitialize 	Intrinsic.h(1648)
    XmCreateScale    	Scale.h(96)
    XmTextFieldSetMaxLength 	TextF.h(101)
    XDisplayOfScreen 	Xlib.h(1740)
    G_fully_qualified_name 	gisdefs.h(71)
    sqrtf            	math.h(80)
    XtIsManaged      	Intrinsic.h(607)
    XDestroyIC       	Xlib.h(4228)
    ceilf            	math.h(82)
    XgCreateInteractorListDialog 	Interact.h(104)
    XMinCmapsOfScreen 	Xlib.h(3048)
    xmVendorShellExtObjectClass 	VendorE.h(201)
    fabsf            	math.h(83)
    XtInitialize     	Intrinsic.h(1659)
    XSetICFocus      	Xlib.h(4234)
    XtIsRealized     	Intrinsic.h(613)
    XScreenOfDisplay 	Xlib.h(1746)
    floorf           	math.h(84)
    XmCreateDialogShell 	DialogS.h(93)
    XmTextFieldGetCursorPosition 	TextF.h(102)
    G_get_ask_return_msg 	gisdefs.h(72)
    xmScrollBarWidgetClass 	ScrollBar.h(81)
    fmodf            	math.h(85)
    XUnsetICFocus    	Xlib.h(4240)
    XtOpenDisplay    	Intrinsic.h(1672)
    XMoveResizeWindow 	Xlib.h(3059)
    XtIsSensitive    	Intrinsic.h(619)
    modff            	math.h(86)
    XDefaultScreenOfDisplay 	Xlib.h(1751)
    __huge_val       	math.h(101)
    XgHelpCallback   	Interact.h(105)
    XmIsMotifWMRunning 	VendorE.h(204)
    XwcResetIC       	Xlib.h(4246)
    XtCreateApplicationContext 	Intrinsic.h(1678)
    XtOwnSelection   	Intrinsic.h(630)
    G_get_cat        	gisdefs.h(73)
    XMoveWindow      	Xlib.h(3068)
    _XmSetEtchedSlider 	ScrollBar.h(91)
    erf              	math.h(108)
    xmDrawingAreaWidgetClass 	DrawingA.h(80)
    XmTextFieldGetInsertionPosition 	TextF.h(103)
    XmbResetIC       	Xlib.h(4252)
    erfc             	math.h(109)
    XgCreateInteractorFontListDialog 	Interact.h(106)
    G_get_cats_title 	gisdefs.h(74)
    XEventMaskOfScreen 	Xlib.h(1756)
    XtOwnSelectionIncremental 	Intrinsic.h(643)
    xmPrimitiveWidgetClass 	Xm.h(636)
    gamma            	math.h(110)
    XNextEvent       	Xlib.h(3075)
    XSetICValues     	Xlib.h(4258)
    hypot            	math.h(111)
    XmCreateScrollBar 	ScrollBar.h(92)
    XtAppSetFallbackResources 	Intrinsic.h(1685)
    XNoOp            	Xlib.h(3081)
    j0               	math.h(112)
    G_get_cell_title 	gisdefs.h(75)
    j1               	math.h(113)
    y1               	math.h(116)
    XParseColor      	Xlib.h(3090)
    jn               	math.h(114)
    XmCreateDrawingArea 	DrawingA.h(94)
    XScreenNumberOfScreen 	Xlib.h(1762)
    XGetICValues     	Xlib.h(4264)
    y0               	math.h(115)
    xmGadgetClass    	Xm.h(646)
    yn               	math.h(117)
    XtMakeResizeRequest 	Intrinsic.h(653)
    XmTextFieldSetCursorPosition 	TextF.h(104)
    lgamma           	math.h(118)
    XmScrollBarGetValues 	ScrollBar.h(93)
    XgSetFontList    	Interact.h(107)
    XParseGeometry   	Xlib.h(3100)
    G_getenv         	gisdefs.h(76)
    XIMOfIC          	Xlib.h(4270)
    isnan            	math.h(119)
    XtDestroyApplicationContext 	Intrinsic.h(1691)
    xmManagerWidgetClass 	Xm.h(657)
    G_gisbase        	gisdefs.h(77)
    XFilterEvent     	Xlib.h(4277)
    _lib_version     	math.h(137)
    XSetErrorHandler 	Xlib.h(1775)
    XPeekEvent       	Xlib.h(3107)
    XtTranslateCoords 	Intrinsic.h(663)
    xmDrawnButtonWidgetClass 	DrawnB.h(85)
    XmScrollBarSetValues 	ScrollBar.h(94)
    G_gisdbase       	gisdefs.h(78)
    pixelWidgetClass 	Pixel.h(12)
    XmbLookupString  	Xlib.h(4288)
    scalb            	math.h(144)
    XmTextFieldSetInsertionPosition 	TextF.h(105)
    XPeekIfEvent     	Xlib.h(3122)
    XSetIOErrorHandler 	Xlib.h(1788)
    XmGetColors      	Xm.h(1752)
    logb             	math.h(145)
    G_home           	gisdefs.h(79)
    XtGetKeysymTable 	Intrinsic.h(671)
    nextafter        	math.h(146)
    XtInitializeWidgetClass 	Intrinsic.h(1697)
    G_lat_format_string 	gisdefs.h(80)
    XgPixelGetChild  	Pixel.h(66)
    XPending         	Xlib.h(3128)
    XwcLookupString  	Xlib.h(4299)
    XmSetColorCalculation 	Xm.h(1753)
    XmCreateDrawnButton 	DrawnB.h(95)
    acosh            	math.h(147)
    XListPixmapFormats 	Xlib.h(1796)
    XPlanesOfScreen  	Xlib.h(3135)
    asinh            	math.h(148)
    XtKeysymToKeycodeList 	Intrinsic.h(680)
    xmSelectionBoxWidgetClass 	SelectioB.h(81)
    XgCreatePixel    	Pixel.h(67)
    XVaCreateNestedList 	Xlib.h(4305)
    atanh            	math.h(149)
    XmTextFieldGetSelectionPosition 	TextF.h(106)
    G_location       	gisdefs.h(81)
    XtWidgetToApplicationContext 	Intrinsic.h(1703)
    XmGetColorCalculation 	Xm.h(1754)
    cbrt             	math.h(150)
    XProtocolRevision 	Xlib.h(3141)
    XListDepths      	Xlib.h(1803)
    copysign         	math.h(151)
    XgCreatePixelDialog 	Pixel.h(68)
    G_location_path  	gisdefs.h(82)
    xmFileSelectionBoxWidgetClass 	FileSB.h(85)
    XtStringConversionWarning 	Intrinsic.h(687)
    XAllocClassHint  	Xutil.h(304)
    rint             	math.h(152)
    XmSelectionBoxGetChild 	SelectioB.h(95)
    XReconfigureWMWindow 	Xlib.h(1815)
    remainder        	math.h(153)
    XProtocolVersion 	Xlib.h(3147)
    XmCvtStringToUnitType 	Xm.h(1786)
    G_lon_format_string 	gisdefs.h(83)
    XtDisplayToApplicationContext 	Intrinsic.h(1709)
    XmTextFieldGetSelection 	TextF.h(107)
    XAllocIconSize   	Xutil.h(310)
    scalbl           	math.h(158)
    regionWidgetClass 	Region.h(26)
    logbl            	math.h(159)
    XGetWMProtocols  	Xlib.h(1824)
    XPutBackEvent    	Xlib.h(3155)
    XtDisplayStringConversionWarning 	Intrinsic.h(695)
    XmCreateSelectionBox 	SelectioB.h(96)
    XmFileSelectionBoxGetChild 	FileSB.h(99)
    nextafterl       	math.h(160)
    G_malloc         	gisdefs.h(84)
    XAllocSizeHints  	Xutil.h(316)
    XmSetFontUnit    	Xm.h(1787)
    XPutImage        	Xlib.h(3170)
    XmTextFieldRemove 	TextF.h(108)
    G_mapset         	gisdefs.h(85)
    XgRegionGetChild 	Region.h(61)
    XSetWMProtocols  	Xlib.h(1832)
    matherr          	math.h(165)
    XtDatabase       	Intrinsic.h(1715)
    XmSetFontUnits   	Xm.h(1788)
    XmCreateSelectionDialog 	SelectioB.h(97)
    XAllocStandardColormap 	Xutil.h(322)
    G_mask_info      	gisdefs.h(86)
    XQLength         	Xlib.h(3176)
    signgam          	math.h(229)
    XmFileSelectionDoSearch 	FileSB.h(100)
    XtScreenDatabase 	Intrinsic.h(1721)
    XIconifyWindow   	Xlib.h(1839)
    XmTextFieldCopy  	TextF.h(109)
    XgCreateRegion   	Region.h(63)
    XQueryBestCursor 	Xlib.h(3187)
    colorConvertArgs 	Intrinsic.h(698)
    G_myname         	gisdefs.h(87)
    XmStringDirectionCreate 	Xm.h(1825)
    G_program_name   	gisdefs.h(88)
    XtStrings        	StringDefs.h(228)
    XAllocWMHints    	Xutil.h(328)
    XmCreatePromptDialog 	SelectioB.h(98)
    XWithdrawWindow  	Xlib.h(1846)
    XtCloseDisplay   	Intrinsic.h(1727)
    XgCreateRegionDialog 	Region.h(65)
    XmTextFieldCut   	TextF.h(110)
    XQueryBestSize   	Xlib.h(3199)
    screenConvertArg 	Intrinsic.h(699)
    XmCreateFileSelectionBox 	FileSB.h(101)
    G_realloc        	gisdefs.h(89)
    XClipBox         	Xutil.h(335)
    XmStringSegmentCreate 	Xm.h(1826)
    XtGetApplicationResources 	Intrinsic.h(1738)
    XGetCommand      	Xlib.h(1854)
    XmTextFieldPaste 	TextF.h(111)
    XQueryBestStipple 	Xlib.h(3210)
    XtAppAddConverter 	Intrinsic.h(714)
    XCreateRegion    	Xutil.h(341)
    G_recreate_command 	gisdefs.h(90)
    XGetWMColormapWindows 	Xlib.h(1862)
    XmCreateFileSelectionDialog 	FileSB.h(102)
    XmTextFieldClearSelection 	TextF.h(112)
    AllocColors      	xgreproto.h(20)
    XtSetErrorHandler 	Intrinsic.h(1984)
    XmStringDraw     	Xm.h(1827)
    XQueryBestTile   	Xlib.h(3221)
    XDefaultString   	Xutil.h(347)
    XtAddConverter   	Intrinsic.h(724)
    XtVaGetApplicationResources 	Intrinsic.h(1748)
    G_squeeze        	gisdefs.h(91)
    ApplyBrush       	xgreproto.h(31)
    XmStringDrawImage 	Xm.h(1828)
    XSetWMColormapWindows 	Xlib.h(1870)
    XQueryColor      	Xlib.h(3229)
    XDeleteContext   	Xutil.h(355)
    G_store          	gisdefs.h(92)
    XtAppSetWarningHandler 	Intrinsic.h(1991)
    XtSetTypeConverter 	Intrinsic.h(736)
    XmCreateSeparator 	Separator.h(88)
    BrushCat         	xgreproto.h(43)
    XmTextFieldSetSelection 	TextF.h(113)
    G_tempfile       	gisdefs.h(93)
    XQueryColors     	Xlib.h(3238)
    BrushColor       	xgreproto.h(52)
    XDestroyRegion   	Xutil.h(361)
    XmStringDrawUnderline 	Xm.h(1829)
    XtGetSubresources 	Intrinsic.h(1761)
    G_tolcase        	gisdefs.h(94)
    XFreeStringList  	Xlib.h(1875)
    XtAppSetTypeConverter 	Intrinsic.h(749)
    XtSetWarningHandler 	Intrinsic.h(1997)
    XQueryExtension  	Xlib.h(3248)
    BrushCreate      	xgreproto.h(64)
    G_toucase        	gisdefs.h(95)
    XEmptyRegion     	Xutil.h(367)
    XmTextFieldXYToPos 	TextF.h(114)
    XmCreateForm     	Form.h(96)
    xmSeparatorGadgetClass 	SeparatoG.h(78)
    XtVaGetSubresources 	Intrinsic.h(1773)
    XSetTransientForHint 	Xlib.h(1882)
    XmStringCreate   	Xm.h(1839)
    BuildDefaultBrush 	xgreproto.h(73)
    G_unit_name      	gisdefs.h(96)
    XQueryKeymap     	Xlib.h(3255)
    XEqualRegion     	Xutil.h(374)
    XtConvert        	Intrinsic.h(759)
    XtAppError       	Intrinsic.h(2004)
    XmCreateFormDialog 	Form.h(97)
    XmTextFieldPosToXY 	TextF.h(115)
    G_whoami         	gisdefs.h(97)
    XtDirectConvert  	Intrinsic.h(769)
    XQueryPointer    	Xlib.h(3269)
    XtError          	Intrinsic.h(2010)
    BrushLoad        	xgreproto.h(102)
    XFindContext     	Xutil.h(383)
    XtSetValues      	Intrinsic.h(1781)
    XmCreateSeparatorGadget 	SeparatoG.h(89)
    XActivateScreenSaver 	Xlib.h(1890)
    G_index          	gisdefs.h(98)
    XtAppWarning     	Intrinsic.h(2017)
    BrushSave        	xgreproto.h(114)
    XQueryTextExtents 	Xlib.h(3282)
    G_rindex         	gisdefs.h(99)
    XGetClassHint    	Xutil.h(391)
    XtParseTranslationTable 	Intrinsic.h(781)
    XmTextFieldShowPosition 	TextF.h(116)
    XmStringSeparatorCreate 	Xm.h(1841)
    CreateButtonBar  	xgreproto.h(124)
    XtWarning        	Intrinsic.h(2023)
    G_define_flag    	gisdefs.h(100)
    XAddHost         	Xlib.h(1897)
    XtGetValues      	Intrinsic.h(1796)
    XGetIconSizes    	Xutil.h(400)
    XQueryTextExtents16 	Xlib.h(3295)
    XtAppGetErrorDatabase 	Intrinsic.h(2029)
    XAddHosts        	Xlib.h(1905)
    xmTextWidgetClass 	Text.h(88)
    G_define_option  	gisdefs.h(101)
    DoBrushCursor    	xgreproto.h(134)
    XmCreateFrame    	Frame.h(91)
    XtParseAcceleratorTable 	Intrinsic.h(787)
    XmTextFieldSetHighlight 	TextF.h(117)
    XGetNormalHints  	Xutil.h(408)
    XmStringLtoRCreate 	Xm.h(1842)
    XAddToExtensionList 	Xlib.h(1912)
    DoZoomCursor     	xgreproto.h(140)
    XQueryTree       	Xlib.h(3306)
    XmTextSetHighlight 	Text.h(96)
    G_strcpy         	gisdefs.h(103)
    XtSetSubvalues   	Intrinsic.h(1813)
    XtGetErrorDatabase 	Intrinsic.h(2035)
    XGetRGBColormaps 	Xutil.h(418)
    G_chrcpy         	gisdefs.h(104)
    XRaiseWindow     	Xlib.h(3313)
    XtOverrideTranslations 	Intrinsic.h(794)
    XAddToSaveSet    	Xlib.h(1919)
    XmTextFieldGetBaseLine 	TextF.h(118)
    UndoCursor       	xgreproto.h(146)
    XtVaSetSubvalues 	Intrinsic.h(1822)
    XmCreateScrolledText 	Text.h(97)
    G_strncpy        	gisdefs.h(105)
    XtAppGetErrorDatabaseText 	Intrinsic.h(2048)
    EditCats         	xgreproto.h(158)
    XReadBitmapFile  	Xlib.h(3326)
    XGetSizeHints    	Xutil.h(427)
    XAllocColor      	Xlib.h(1927)
    XmCreateLabel    	Label.h(83)
    XmStringInitContext 	Xm.h(1844)
    G_strmov         	gisdefs.h(106)
    XgdSetLegendFontName 	xgrass_dlib.h(632)
    EditLockCB       	xgreproto.h(170)
    XtAugmentTranslations 	Intrinsic.h(801)
    XtGetSubvalues   	Intrinsic.h(1832)
    XmTextFieldGetBaseline 	TextF.h(119)
    XAllocColorCells 	Xlib.h(1939)
    XGetStandardColormap 	Xutil.h(436)
    G_chrmov         	gisdefs.h(107)
    XRebindKeysym    	Xlib.h(3337)
    XmCreateText     	Text.h(98)
    EditVerticalCB   	xgreproto.h(178)
    XtGetErrorDatabaseText 	Intrinsic.h(2059)
    G_strcat         	gisdefs.h(108)
    XtVaGetSubvalues 	Intrinsic.h(1841)
    XmStringFreeContext 	Xm.h(1845)
    xmLabelGadgetClass 	LabelG.h(81)
    XgdSetLegendFont 	xgrass_dlib.h(638)
    XmTextGetString  	Text.h(99)
    XRecolorCursor   	Xlib.h(3346)
    XAllocColorPlanes 	Xlib.h(1955)
    XtInstallAccelerators 	Intrinsic.h(808)
    G_chrcat         	gisdefs.h(109)
    XmCreateTextField 	TextF.h(120)
    EditHorizontalCB 	xgreproto.h(186)
    XGetTextProperty 	Xutil.h(445)
    G_strstr         	gisdefs.h(110)
    XtGetResourceList 	Intrinsic.h(1849)
    XgdDeleteRaster  	xgrass_dlib.h(644)
    XRefreshKeyboardMapping 	Xlib.h(3352)
    XmStringGetNextComponent 	Xm.h(1846)
    XmCreateLabelGadget 	LabelG.h(84)
    XmTextGetLastPosition 	Text.h(100)
    XtMalloc         	Intrinsic.h(2071)
    XAllocNamedColor 	Xlib.h(1965)
    G_strdup         	gisdefs.h(111)
    EditPolygonRegionCB 	xgreproto.h(194)
    XGetVisualInfo   	Xutil.h(454)
    XtInstallAllAccelerators 	Intrinsic.h(815)
    XtCalloc         	Intrinsic.h(2078)
    G_create_key_value 	gisdefs.h(113)
    XgdConfigureResizeHandles 	xgrass_dlib.h(650)
    XtGetConstraintResourceList 	Intrinsic.h(1857)
    XmToggleButtonGetState 	ToggleB.h(86)
    XtRealloc        	Intrinsic.h(2085)
    XAllowEvents     	Xlib.h(1973)
    XGetWMClientMachine 	Xutil.h(462)
    XmTextSetString  	Text.h(101)
    XRemoveFromSaveSet 	Xlib.h(3359)
    XmStringPeekNextComponent 	Xm.h(1847)
    EditBoxRegionCB  	xgreproto.h(202)
    xmListWidgetClass 	List.h(77)

value type declared inconsistently
    calloc           	llib-lc:stdlib.h(62) void *() :: std_incs.h(8) char *()
    malloc           	llib-lc:stdlib.h(64) void *() :: std_incs.h(9) char *()
    realloc          	llib-lc:stdlib.h(65) void *() :: std_incs.h(10) char *()

function returns value which is always ignored
    sprintf         

declared global, could be static
    tbrush           	brushedit.c(76)
    brushNum         	brushedit.c(77)
    brushRow         	brushedit.c(78)
    brushCol         	brushedit.c(79)
    hotNum           	brushedit.c(80)
    hotRow           	brushedit.c(81)
    hotCol           	brushedit.c(82)
    buttons          	brushedit.c(83)
    opList           	brushedit.c(84)
    opText           	brushedit.c(85)
    inputList        	brushedit.c(86)
    inputText        	brushedit.c(87)
    posText          	brushedit.c(88)
    valueText        	brushedit.c(89)
    fgcolor          	brushedit.c(90)
    bgcolor          	brushedit.c(91)
    opListItems      	brushedit.c(93)
    inpListItems     	brushedit.c(103)
    BrushEdit        	brushedit.c(199)
    brushButtonCB    	brushedit.c(481)
    inputListCB      	brushedit.c(531)
    opListCB         	brushedit.c(570)
    valueTextCB      	brushedit.c(609)
    brushOkCB        	brushedit.c(655)
    hotButtonCB      	brushedit.c(693)
    matchButtonCB    	brushedit.c(729)
    brushEditCancelCB 	brushedit.c(777)
