3 variables
90 observations
for iteration #  0 ------------
F =     -14.6321
R ** 2 =     -39.7730
r = 0.296192; r^2 = 0.0877297; t = 2.90906
#, x[0], x[1],..., y(cal) diviation[y(ob)-y(cal)]
  1    0.4350    0.2616    0.7016    0.5137     0.4663
  2    0.4350    0.2616    0.7016    1.0419    -0.0519
  3    0.4350    0.2616    0.7016    0.7798    -0.4398
  4    0.4350    0.2616    0.7016    1.2548    -1.1548
  5    0.4350    0.2616    0.7016    0.4284     0.4516
  6    0.4350    0.2616    0.7016    0.8848    -0.2848
  7    0.4350    0.2616    0.7016    0.5083    -0.4183
  8    0.4350    0.2616    0.7016    0.3648     0.4952
  9    0.4350    0.2616    0.7016    1.6629    -0.7829
 10    0.4350    0.2616    0.7016    0.7290    -0.1190
 11    0.4350    0.2616    0.7016    0.2850     0.3150
 12    0.4350    0.2616    0.7016    0.5988     0.3612
 13    0.4350    0.2616    0.7016    0.3605     0.3995
 14    0.4350    0.2616    0.7016    1.4107    -0.4307
 15    0.4350    0.2616    0.7016    2.2328    -1.2328
 16    0.4350    0.2616    0.7016    0.7819    -0.2519
 17    0.4350    0.2616    0.7016    0.0975     0.9025
 18    0.4350    0.2616    0.7016    0.9206     0.0694
 19    0.4350    0.2616    0.7016    0.5635     0.4265
 20    0.4350    0.2616    0.7016   -2.0439     2.9539
 21    0.4350    0.2616    0.7016    0.6231     0.3169
 22    0.4350    0.2616    0.7016    0.5411     0.2189
 23    0.4350    0.2616    0.7016    0.2698    -0.0798
 24    0.4350    0.2616    0.7016    0.8222    -0.2022
 25    0.4350    0.2616    0.7016    0.7412    -0.2712
 26    0.4350    0.2616    0.7016    1.1389    -0.2289
 27    0.4350    0.2616    0.7016    0.8667    -0.0867
 28    0.4350    0.2616    0.7016    0.7228     0.0172
 29    0.4350    0.2616    0.7016    0.8140    -0.0840
 30    0.4350    0.2616    0.7016    1.0087    -0.0287
 31    0.4350    0.2616    0.7016    1.0093    -0.1693
 32    0.4350    0.2616    0.7016  -15.5522    15.6822
 33    0.4350    0.2616    0.7016    0.4702    -0.4002
 34    0.4350    0.2616    0.7016    1.4320    -0.5920
 35    0.4350    0.2616    0.7016    0.8223    -0.2923
 36    0.4350    0.2616    0.7016    0.9559    -0.4359
 37    0.4350    0.2616    0.7016    0.9689     0.0111
 38    0.4350    0.2616    0.7016    0.9465     0.0535
 39    0.4350    0.2616    0.7016    0.8255     0.0445
 40    0.4350    0.2616    0.7016    1.1192    -0.1292
 41    0.4350    0.2616    0.7016    0.7387     0.0113
 42    0.4350    0.2616    0.7016    0.9156    -0.0756
 43    0.4350    0.2616    0.7016    0.9296     0.0704
 44    0.4350    0.2616    0.7016    1.7453    -0.7453
 45    0.4350    0.2616    0.7016    1.0408    -0.6808
 46    0.4350    0.2616    0.7016    0.5417    -0.4517
 47    0.4350    0.2616    0.7016    1.0901    -0.6701
 48    0.4350    0.2616    0.7016    0.9176     0.0524
 49    0.4350    0.2616    0.7016    0.3469     0.2431
 50    0.4350    0.2616    0.7016    0.9567     0.0433
 51    0.4350    0.2616    0.7016    0.9619     0.0381
 52    0.4350    0.2616    0.7016    0.9374    -0.0974
 53    0.4350    0.2616    0.7016    0.9489     0.0511
 54    0.4350    0.2616    0.7016    1.0184    -0.0184
 55    0.4350    0.2616    0.7016    0.9530     0.0470
 56    0.4350    0.2616    0.7016    0.9024     0.0976
 57    0.4350    0.2616    0.7016    0.3402     0.6398
 58    0.4350    0.2616    0.7016    0.9560     0.0340
 59    0.4350    0.2616    0.7016    0.9881     0.0119
 60    0.4350    0.2616    0.7016    0.9435    -0.3135
 61    0.4350    0.2616    0.7016    0.9845     0.0155
 62    0.4350    0.2616    0.7016    0.8205    -0.4405
 63    0.4350    0.2616    0.7016    1.0180    -0.0180
 64    0.4350    0.2616    0.7016    0.9360     0.0640
 65    0.4350    0.2616    0.7016    0.9412    -0.0312
 66    0.4350    0.2616    0.7016    0.9729    -0.5629
 67    0.4350    0.2616    0.7016    0.6397     0.3303
 68    0.4350    0.2616    0.7016    0.9317     0.0683
 69    0.4350    0.2616    0.7016    0.9623    -0.1123
 70    0.4350    0.2616    0.7016    1.0345    -0.0345
 71    0.4350    0.2616    0.7016    0.9586     0.0414
 72    0.4350    0.2616    0.7016    0.9800     0.0200
 73    0.4350    0.2616    0.7016    0.6464     0.3536
 74    0.4350    0.2616    0.7016    0.9517     0.0483
 75    0.4350    0.2616    0.7016    0.9623     0.0377
 76    0.4350    0.2616    0.7016    0.9737     0.0263
 77    0.4350    0.2616    0.7016    0.9144     0.0856
 78    0.4350    0.2616    0.7016    0.9108     0.0892
 79    0.4350    0.2616    0.7016    0.9686     0.0314
 80    0.4350    0.2616    0.7016    0.9768     0.0132
 81    0.4350    0.2616    0.7016    0.9668    -0.3568
 82    0.4350    0.2616    0.7016    0.9793     0.0207
 83    0.4350    0.2616    0.7016    0.9197     0.0803
 84    0.4350    0.2616    0.7016    0.9306     0.0694
 85    0.4350    0.2616    0.7016    1.0284    -0.0684
 86    0.4350    0.2616    0.7016    0.8832     0.1168
 87    0.4350    0.2616    0.7016    0.9228     0.0772
 88    0.4350    0.2616    0.7016    0.9402     0.0598
 89    0.4350    0.2616    0.7016    0.9759     0.0241
 90    0.4350    0.2616    0.7016    0.8201    -0.5601
for iteration #  1 ------------
F =     -14.6321
R ** 2 =     -39.7730
r = 0.296192; r^2 = 0.0877297; t = 2.90906
#, x[0], x[1],..., y(cal) diviation[y(ob)-y(cal)]
  1    0.4350    0.2616    0.7016    0.5137     0.4663
  2    0.4350    0.2616    0.7016    1.0419    -0.0519
  3    0.4350    0.2616    0.7016    0.7798    -0.4398
  4    0.4350    0.2616    0.7016    1.2548    -1.1548
  5    0.4350    0.2616    0.7016    0.4284     0.4516
  6    0.4350    0.2616    0.7016    0.8848    -0.2848
  7    0.4350    0.2616    0.7016    0.5083    -0.4183
  8    0.4350    0.2616    0.7016    0.3648     0.4952
  9    0.4350    0.2616    0.7016    1.6629    -0.7829
 10    0.4350    0.2616    0.7016    0.7290    -0.1190
 11    0.4350    0.2616    0.7016    0.2850     0.3150
 12    0.4350    0.2616    0.7016    0.5988     0.3612
 13    0.4350    0.2616    0.7016    0.3605     0.3995
 14    0.4350    0.2616    0.7016    1.4107    -0.4307
 15    0.4350    0.2616    0.7016    2.2328    -1.2328
 16    0.4350    0.2616    0.7016    0.7819    -0.2519
 17    0.4350    0.2616    0.7016    0.0975     0.9025
 18    0.4350    0.2616    0.7016    0.9206     0.0694
 19    0.4350    0.2616    0.7016    0.5635     0.4265
 20    0.4350    0.2616    0.7016   -2.0439     2.9539
 21    0.4350    0.2616    0.7016    0.6231     0.3169
 22    0.4350    0.2616    0.7016    0.5411     0.2189
 23    0.4350    0.2616    0.7016    0.2698    -0.0798
 24    0.4350    0.2616    0.7016    0.8222    -0.2022
 25    0.4350    0.2616    0.7016    0.7412    -0.2712
 26    0.4350    0.2616    0.7016    1.1389    -0.2289
 27    0.4350    0.2616    0.7016    0.8667    -0.0867
 28    0.4350    0.2616    0.7016    0.7228     0.0172
 29    0.4350    0.2616    0.7016    0.8140    -0.0840
 30    0.4350    0.2616    0.7016    1.0087    -0.0287
 31    0.4350    0.2616    0.7016    1.0093    -0.1693
 32    0.4350    0.2616    0.7016  -15.5522    15.6822
 33    0.4350    0.2616    0.7016    0.4702    -0.4002
 34    0.4350    0.2616    0.7016    1.4320    -0.5920
 35    0.4350    0.2616    0.7016    0.8223    -0.2923
 36    0.4350    0.2616    0.7016    0.9559    -0.4359
 37    0.4350    0.2616    0.7016    0.9689     0.0111
 38    0.4350    0.2616    0.7016    0.9465     0.0535
 39    0.4350    0.2616    0.7016    0.8255     0.0445
 40    0.4350    0.2616    0.7016    1.1192    -0.1292
 41    0.4350    0.2616    0.7016    0.7387     0.0113
 42    0.4350    0.2616    0.7016    0.9156    -0.0756
 43    0.4350    0.2616    0.7016    0.9296     0.0704
 44    0.4350    0.2616    0.7016    1.7453    -0.7453
 45    0.4350    0.2616    0.7016    1.0408    -0.6808
 46    0.4350    0.2616    0.7016    0.5417    -0.4517
 47    0.4350    0.2616    0.7016    1.0901    -0.6701
 48    0.4350    0.2616    0.7016    0.9176     0.0524
 49    0.4350    0.2616    0.7016    0.3469     0.2431
 50    0.4350    0.2616    0.7016    0.9567     0.0433
 51    0.4350    0.2616    0.7016    0.9619     0.0381
 52    0.4350    0.2616    0.7016    0.9374    -0.0974
 53    0.4350    0.2616    0.7016    0.9489     0.0511
 54    0.4350    0.2616    0.7016    1.0184    -0.0184
 55    0.4350    0.2616    0.7016    0.9530     0.0470
 56    0.4350    0.2616    0.7016    0.9024     0.0976
 57    0.4350    0.2616    0.7016    0.3402     0.6398
 58    0.4350    0.2616    0.7016    0.9560     0.0340
 59    0.4350    0.2616    0.7016    0.9881     0.0119
 60    0.4350    0.2616    0.7016    0.9435    -0.3135
 61    0.4350    0.2616    0.7016    0.9845     0.0155
 62    0.4350    0.2616    0.7016    0.8205    -0.4405
 63    0.4350    0.2616    0.7016    1.0180    -0.0180
 64    0.4350    0.2616    0.7016    0.9360     0.0640
 65    0.4350    0.2616    0.7016    0.9412    -0.0312
 66    0.4350    0.2616    0.7016    0.9729    -0.5629
 67    0.4350    0.2616    0.7016    0.6397     0.3303
 68    0.4350    0.2616    0.7016    0.9317     0.0683
 69    0.4350    0.2616    0.7016    0.9623    -0.1123
 70    0.4350    0.2616    0.7016    1.0345    -0.0345
 71    0.4350    0.2616    0.7016    0.9586     0.0414
 72    0.4350    0.2616    0.7016    0.9800     0.0200
 73    0.4350    0.2616    0.7016    0.6464     0.3536
 74    0.4350    0.2616    0.7016    0.9517     0.0483
 75    0.4350    0.2616    0.7016    0.9623     0.0377
 76    0.4350    0.2616    0.7016    0.9737     0.0263
 77    0.4350    0.2616    0.7016    0.9144     0.0856
 78    0.4350    0.2616    0.7016    0.9108     0.0892
 79    0.4350    0.2616    0.7016    0.9686     0.0314
 80    0.4350    0.2616    0.7016    0.9768     0.0132
 81    0.4350    0.2616    0.7016    0.9668    -0.3568
 82    0.4350    0.2616    0.7016    0.9793     0.0207
 83    0.4350    0.2616    0.7016    0.9197     0.0803
 84    0.4350    0.2616    0.7016    0.9306     0.0694
 85    0.4350    0.2616    0.7016    1.0284    -0.0684
 86    0.4350    0.2616    0.7016    0.8832     0.1168
 87    0.4350    0.2616    0.7016    0.9228     0.0772
 88    0.4350    0.2616    0.7016    0.9402     0.0598
 89    0.4350    0.2616    0.7016    0.9759     0.0241
 90    0.4350    0.2616    0.7016    0.8201    -0.5601
for iteration #  2 ------------
F =      65.5552
R ** 2 =       0.8138
r = 0.902118; r^2 = 0.813817; t = 19.6126
#, x[0], x[1],..., y(cal) diviation[y(ob)-y(cal)]
  1    0.4350    0.2616    0.7016    0.9917    -0.0117
  2    0.4350    0.2616    0.7016    0.9149     0.0751
  3    0.4350    0.2616    0.7016    0.7084    -0.3684
  4    0.4350    0.2616    0.7016    0.1848    -0.0848
  5    0.4350    0.2616    0.7016    0.5874     0.2926
  6    0.4350    0.2616    0.7016    0.7408    -0.1408
  7    0.4350    0.2616    0.7016    0.1343    -0.0443
  8    0.4350    0.2616    0.7016    0.9115    -0.0515
  9    0.4350    0.2616    0.7016    0.9320    -0.0520
 10    0.4350    0.2616    0.7016    0.6018     0.0082
 11    0.4350    0.2616    0.7016    0.4033     0.1967
 12    0.4350    0.2616    0.7016    0.9805    -0.0205
 13    0.4350    0.2616    0.7016    0.7712    -0.0112
 14    0.4350    0.2616    0.7016    0.9198     0.0602
 15    0.4350    0.2616    0.7016    0.9011     0.0989
 16    0.4350    0.2616    0.7016    0.6247    -0.0947
 17    0.4350    0.2616    0.7016    1.0446    -0.0446
 18    0.4350    0.2616    0.7016    0.7242     0.2658
 19    0.4350    0.2616    0.7016    1.0064    -0.0164
 20    0.4350    0.2616    0.7016    0.9498    -0.0398
 21    0.4350    0.2616    0.7016    0.7975     0.1425
 22    0.4350    0.2616    0.7016    0.5234     0.2366
 23    0.4350    0.2616    0.7016    0.1702     0.0198
 24    0.4350    0.2616    0.7016    0.6433    -0.0233
 25    0.4350    0.2616    0.7016    0.5341    -0.0641
 26    0.4350    0.2616    0.7016    0.8292     0.0808
 27    0.4350    0.2616    0.7016    0.5472     0.2328
 28    0.4350    0.2616    0.7016    0.6709     0.0691
 29    0.4350    0.2616    0.7016    0.8129    -0.0829
 30    0.4350    0.2616    0.7016    1.0424    -0.0624
 31    0.4350    0.2616    0.7016    0.8845    -0.0445
 32    0.4350    0.2616    0.7016    0.1833    -0.0533
 33    0.4350    0.2616    0.7016    0.0929    -0.0229
 34    0.4350    0.2616    0.7016    0.8405    -0.0005
 35    0.4350    0.2616    0.7016    0.7083    -0.1783
 36    0.4350    0.2616    0.7016    0.7338    -0.2138
 37    0.4350    0.2616    0.7016    0.9813    -0.0013
 38    0.4350    0.2616    0.7016    0.9937     0.0063
 39    0.4350    0.2616    0.7016    0.6529     0.2171
 40    0.4350    0.2616    0.7016    0.8792     0.1108
 41    0.4350    0.2616    0.7016    0.8127    -0.0627
 42    0.4350    0.2616    0.7016    0.7850     0.0550
 43    0.4350    0.2616    0.7016    0.9295     0.0705
 44    0.4350    0.2616    0.7016    0.8290     0.1710
 45    0.4350    0.2616    0.7016    0.4977    -0.1377
 46    0.4350    0.2616    0.7016    0.3683    -0.2783
 47    0.4350    0.2616    0.7016    0.3981     0.0219
 48    0.4350    0.2616    0.7016    0.9786    -0.0086
 49    0.4350    0.2616    0.7016    0.5516     0.0384
 50    0.4350    0.2616    0.7016    1.0733    -0.0733
 51    0.4350    0.2616    0.7016    1.0500    -0.0500
 52    0.4350    0.2616    0.7016    0.8432    -0.0032
 53    0.4350    0.2616    0.7016    0.9504     0.0496
 54    0.4350    0.2616    0.7016    1.0217    -0.0217
 55    0.4350    0.2616    0.7016    0.9858     0.0142
 56    0.4350    0.2616    0.7016    0.9656     0.0344
 57    0.4350    0.2616    0.7016    0.9365     0.0435
 58    0.4350    0.2616    0.7016    1.0085    -0.0185
 59    0.4350    0.2616    0.7016    1.0403    -0.0403
 60    0.4350    0.2616    0.7016    0.6674    -0.0374
 61    0.4350    0.2616    0.7016    1.0045    -0.0045
 62    0.4350    0.2616    0.7016    0.6140    -0.2340
 63    0.4350    0.2616    0.7016    0.9683     0.0317
 64    0.4350    0.2616    0.7016    0.9356     0.0644
 65    0.4350    0.2616    0.7016    0.8488     0.0612
 66    0.4350    0.2616    0.7016    0.4448    -0.0348
 67    0.4350    0.2616    0.7016    0.6237     0.3463
 68    0.4350    0.2616    0.7016    1.0559    -0.0559
 69    0.4350    0.2616    0.7016    0.8031     0.0469
 70    0.4350    0.2616    0.7016    1.0043    -0.0043
 71    0.4350    0.2616    0.7016    1.0401    -0.0401
 72    0.4350    0.2616    0.7016    0.9609     0.0391
 73    0.4350    0.2616    0.7016    1.0486    -0.0486
 74    0.4350    0.2616    0.7016    1.0302    -0.0302
 75    0.4350    0.2616    0.7016    1.0268    -0.0268
 76    0.4350    0.2616    0.7016    1.0668    -0.0668
 77    0.4350    0.2616    0.7016    1.0176    -0.0176
 78    0.4350    0.2616    0.7016    1.0229    -0.0229
 79    0.4350    0.2616    0.7016    0.9557     0.0443
 80    0.4350    0.2616    0.7016    0.9909    -0.0009
 81    0.4350    0.2616    0.7016    0.8216    -0.2116
 82    0.4350    0.2616    0.7016    0.9749     0.0251
 83    0.4350    0.2616    0.7016    1.0302    -0.0302
 84    0.4350    0.2616    0.7016    0.9791     0.0209
 85    0.4350    0.2616    0.7016    0.9726    -0.0126
 86    0.4350    0.2616    0.7016    0.8456     0.1544
 87    0.4350    0.2616    0.7016    1.0430    -0.0430
 88    0.4350    0.2616    0.7016    0.8735     0.1265
 89    0.4350    0.2616    0.7016    1.0176    -0.0176
 90    0.4350    0.2616    0.7016    0.5150    -0.2550
for iteration #  3 ------------
F =      65.5552
R ** 2 =       0.8138
r = 0.902118; r^2 = 0.813817; t = 19.6126
#, x[0], x[1],..., y(cal) diviation[y(ob)-y(cal)]
  1    0.4350    0.2616    0.7016    0.9917    -0.0117
  2    0.4350    0.2616    0.7016    0.9149     0.0751
  3    0.4350    0.2616    0.7016    0.7084    -0.3684
  4    0.4350    0.2616    0.7016    0.1848    -0.0848
  5    0.4350    0.2616    0.7016    0.5874     0.2926
  6    0.4350    0.2616    0.7016    0.7408    -0.1408
  7    0.4350    0.2616    0.7016    0.1343    -0.0443
  8    0.4350    0.2616    0.7016    0.9115    -0.0515
  9    0.4350    0.2616    0.7016    0.9320    -0.0520
 10    0.4350    0.2616    0.7016    0.6018     0.0082
 11    0.4350    0.2616    0.7016    0.4033     0.1967
 12    0.4350    0.2616    0.7016    0.9805    -0.0205
 13    0.4350    0.2616    0.7016    0.7712    -0.0112
 14    0.4350    0.2616    0.7016    0.9198     0.0602
 15    0.4350    0.2616    0.7016    0.9011     0.0989
 16    0.4350    0.2616    0.7016    0.6247    -0.0947
 17    0.4350    0.2616    0.7016    1.0446    -0.0446
 18    0.4350    0.2616    0.7016    0.7242     0.2658
 19    0.4350    0.2616    0.7016    1.0064    -0.0164
 20    0.4350    0.2616    0.7016    0.9498    -0.0398
 21    0.4350    0.2616    0.7016    0.7975     0.1425
 22    0.4350    0.2616    0.7016    0.5234     0.2366
 23    0.4350    0.2616    0.7016    0.1702     0.0198
 24    0.4350    0.2616    0.7016    0.6433    -0.0233
 25    0.4350    0.2616    0.7016    0.5341    -0.0641
 26    0.4350    0.2616    0.7016    0.8292     0.0808
 27    0.4350    0.2616    0.7016    0.5472     0.2328
 28    0.4350    0.2616    0.7016    0.6709     0.0691
 29    0.4350    0.2616    0.7016    0.8129    -0.0829
 30    0.4350    0.2616    0.7016    1.0424    -0.0624
 31    0.4350    0.2616    0.7016    0.8845    -0.0445
 32    0.4350    0.2616    0.7016    0.1833    -0.0533
 33    0.4350    0.2616    0.7016    0.0929    -0.0229
 34    0.4350    0.2616    0.7016    0.8405    -0.0005
 35    0.4350    0.2616    0.7016    0.7083    -0.1783
 36    0.4350    0.2616    0.7016    0.7338    -0.2138
 37    0.4350    0.2616    0.7016    0.9813    -0.0013
 38    0.4350    0.2616    0.7016    0.9937     0.0063
 39    0.4350    0.2616    0.7016    0.6529     0.2171
 40    0.4350    0.2616    0.7016    0.8792     0.1108
 41    0.4350    0.2616    0.7016    0.8127    -0.0627
 42    0.4350    0.2616    0.7016    0.7850     0.0550
 43    0.4350    0.2616    0.7016    0.9295     0.0705
 44    0.4350    0.2616    0.7016    0.8290     0.1710
 45    0.4350    0.2616    0.7016    0.4977    -0.1377
 46    0.4350    0.2616    0.7016    0.3683    -0.2783
 47    0.4350    0.2616    0.7016    0.3981     0.0219
 48    0.4350    0.2616    0.7016    0.9786    -0.0086
 49    0.4350    0.2616    0.7016    0.5516     0.0384
 50    0.4350    0.2616    0.7016    1.0733    -0.0733
 51    0.4350    0.2616    0.7016    1.0500    -0.0500
 52    0.4350    0.2616    0.7016    0.8432    -0.0032
 53    0.4350    0.2616    0.7016    0.9504     0.0496
 54    0.4350    0.2616    0.7016    1.0217    -0.0217
 55    0.4350    0.2616    0.7016    0.9858     0.0142
 56    0.4350    0.2616    0.7016    0.9656     0.0344
 57    0.4350    0.2616    0.7016    0.9365     0.0435
 58    0.4350    0.2616    0.7016    1.0085    -0.0185
 59    0.4350    0.2616    0.7016    1.0403    -0.0403
 60    0.4350    0.2616    0.7016    0.6674    -0.0374
 61    0.4350    0.2616    0.7016    1.0045    -0.0045
 62    0.4350    0.2616    0.7016    0.6140    -0.2340
 63    0.4350    0.2616    0.7016    0.9683     0.0317
 64    0.4350    0.2616    0.7016    0.9356     0.0644
 65    0.4350    0.2616    0.7016    0.8488     0.0612
 66    0.4350    0.2616    0.7016    0.4448    -0.0348
 67    0.4350    0.2616    0.7016    0.6237     0.3463
 68    0.4350    0.2616    0.7016    1.0559    -0.0559
 69    0.4350    0.2616    0.7016    0.8031     0.0469
 70    0.4350    0.2616    0.7016    1.0043    -0.0043
 71    0.4350    0.2616    0.7016    1.0401    -0.0401
 72    0.4350    0.2616    0.7016    0.9609     0.0391
 73    0.4350    0.2616    0.7016    1.0486    -0.0486
 74    0.4350    0.2616    0.7016    1.0302    -0.0302
 75    0.4350    0.2616    0.7016    1.0268    -0.0268
 76    0.4350    0.2616    0.7016    1.0668    -0.0668
 77    0.4350    0.2616    0.7016    1.0176    -0.0176
 78    0.4350    0.2616    0.7016    1.0229    -0.0229
 79    0.4350    0.2616    0.7016    0.9557     0.0443
 80    0.4350    0.2616    0.7016    0.9909    -0.0009
 81    0.4350    0.2616    0.7016    0.8216    -0.2116
 82    0.4350    0.2616    0.7016    0.9749     0.0251
 83    0.4350    0.2616    0.7016    1.0302    -0.0302
 84    0.4350    0.2616    0.7016    0.9791     0.0209
 85    0.4350    0.2616    0.7016    0.9726    -0.0126
 86    0.4350    0.2616    0.7016    0.8456     0.1544
 87    0.4350    0.2616    0.7016    1.0430    -0.0430
 88    0.4350    0.2616    0.7016    0.8735     0.1265
 89    0.4350    0.2616    0.7016    1.0176    -0.0176
 90    0.4350    0.2616    0.7016    0.5150    -0.2550
