This is TeX, C Version 3.0 (format=lplain 91.1.26)  10 NOV 1992 15:56
**&latex xpm.tex
(xpm.tex
LaTeX Version 2.09 <7 Dec 1989>
\@indexfile=\write3
Writing index file xpm.idx 
(/usr/local/lib/tex3/inputs/article.sty
Document Style `article' <16 Mar 88>.
(/usr/local/lib/tex3/inputs/art10.sty)
\c@part=\count79
\c@section=\count80
\c@subsection=\count81
\c@subsubsection=\count82
\c@paragraph=\count83
\c@subparagraph=\count84
\c@figure=\count85
\c@table=\count86
) (colas.sty
\colaslength=\skip41
\colaslengthh=\skip42
\colasmargin=\skip43
)
No file xpm.aux.
[1

] [2] [3] [4] [5] [6] [7] [8]
Underfull \hbox (badness 1275) in paragraph at lines 506--510
[]\tenbf XpmCreatePixmapFromData \tenrm ex-actly works as \tenbf Xpm-Read-Pixma
p-File

\hbox(6.94444+1.94444)x350.0, glue set 2.3377
.\hbox(0.0+0.0)x0.0
.\tenbf X
.\tenbf p
.\tenbf m
.\tenbf C
.etc.

[9] [10]
Underfull \hbox (badness 3148) in paragraph at lines 688--690
[]\tenrm To dy-nam-i-cally al-lo-cate an \tenbf Xp-mAt-tributes \tenrm struc-tu
re use the \tenbf Xpm-

\hbox(6.94444+1.94444)x350.0, glue set 3.16035
.\hbox(0.0+0.0)x0.0
.\tenrm T
.\kern-0.83334
.\tenrm o
.\glue 3.33333 plus 1.66666 minus 1.11111
.etc.

[11] [12] (xpm.aux) ) 
Here is how much of TeX's memory you used:
 215 strings out of 6963
 1939 string characters out of 63237
 36798 words of memory out of 262141
 2161 multiletter control sequences out of 9500
 19918 words of font info for 75 fonts, out of 72000 for 255
 14 hyphenation exceptions out of 607
 13i,9n,15p,164b,192s stack positions out of 300i,40n,60p,3000b,4000s

Output written on xpm.dvi (12 pages, 31272 bytes).
