.TH r.le.trace 1 "" "" "" ""
.SH NAME
\*Lr.le.trace\*O
(GRASS Raster Program)
.SH GRASS VERSION
4.x
.SH SYNOPSIS
\*Lr.le.trace\*O
.br

\*Lr.le.trace help\*O
.br

\*Lr.le.trace\*O [\*L-npt\*O] \*Lmap=\*Oname]
.SH DESCRIPTION
When sampling the whole map (sam=W), the r.le.trace program can be used to do three things: (1) display the boundary of each patch and show how the boundary is traced, (2) display the attribute, size, perimeter, and shape indices for each patch, and (3) save these data in an output file.
.SH Flags:
.VL 4m
.LI "\*L-n\*O
Output map 'num' with patch numbers.
.LI "\*L-p\*O
Include sampling area boundary as perimeter.
.LI "\*L-t\*O
Use 4 neighbor tracing instead of 8 neighbor.
.LE
.SH Parameters:
.VL 4m
.LI "\*Lmap\*O
Raster map to be analyzed.
.LI "\*Lout\*O
Name of output file to store patch data.
.LE
.SH SEE ALSO
The r.le
\*Lr.le.setup\*O
.SH AUTHOR
William L. Baker, Department of Geography and Recreation, University of Wyoming
